<?xml version="1.0" encoding="UTF-8"?>
<coverage generated="1506535069393" clover="3.2.0">
  <project timestamp="1506535069393" name="All files">
    <metrics statements="240" coveredstatements="53" conditionals="102" coveredconditionals="5" methods="113" coveredmethods="6" elements="455" coveredelements="64" complexity="0" loc="240" ncloc="240" packages="10" files="16" classes="16">
      <package name="dev">
        <metrics statements="90" coveredstatements="6" conditionals="34" coveredconditionals="0" methods="47" coveredmethods="0"/>
        <file name="IceAndFireRepository.js" path="/Users/gfaraday/Desktop/workshop-final/Module11b/After/dev/IceAndFireRepository.js">
          <metrics statements="88" coveredstatements="4" conditionals="34" coveredconditionals="0" methods="47" coveredmethods="0"/>
          <line num="4" count="3" type="stmt"/>
          <line num="5" count="3" type="stmt"/>
          <line num="7" count="3" type="stmt"/>
          <line num="10" count="0" type="stmt"/>
          <line num="11" count="0" type="stmt"/>
          <line num="12" count="0" type="stmt"/>
          <line num="16" count="0" type="stmt"/>
          <line num="20" count="0" type="stmt"/>
          <line num="22" count="0" type="stmt"/>
          <line num="29" count="0" type="stmt"/>
          <line num="30" count="0" type="stmt"/>
          <line num="31" count="0" type="stmt"/>
          <line num="38" count="0" type="stmt"/>
          <line num="40" count="0" type="stmt"/>
          <line num="50" count="0" type="stmt"/>
          <line num="51" count="0" type="stmt"/>
          <line num="55" count="0" type="stmt"/>
          <line num="57" count="0" type="cond" truecount="0" falsecount="2"/>
          <line num="58" count="0" type="stmt"/>
          <line num="61" count="0" type="stmt"/>
          <line num="65" count="0" type="stmt"/>
          <line num="68" count="0" type="stmt"/>
          <line num="73" count="0" type="stmt"/>
          <line num="74" count="0" type="stmt"/>
          <line num="75" count="0" type="stmt"/>
          <line num="79" count="0" type="stmt"/>
          <line num="80" count="0" type="stmt"/>
          <line num="84" count="0" type="stmt"/>
          <line num="85" count="0" type="stmt"/>
          <line num="87" count="0" type="stmt"/>
          <line num="93" count="0" type="stmt"/>
          <line num="95" count="0" type="stmt"/>
          <line num="100" count="0" type="cond" truecount="0" falsecount="2"/>
          <line num="101" count="0" type="cond" truecount="0" falsecount="2"/>
          <line num="102" count="0" type="stmt"/>
          <line num="105" count="0" type="stmt"/>
          <line num="113" count="0" type="cond" truecount="0" falsecount="2"/>
          <line num="118" count="0" type="stmt"/>
          <line num="119" count="0" type="cond" truecount="0" falsecount="2"/>
          <line num="120" count="0" type="stmt"/>
          <line num="126" count="0" type="cond" truecount="0" falsecount="2"/>
          <line num="127" count="0" type="stmt"/>
          <line num="133" count="0" type="cond" truecount="0" falsecount="2"/>
          <line num="134" count="0" type="stmt"/>
          <line num="141" count="0" type="stmt"/>
          <line num="148" count="0" type="stmt"/>
          <line num="149" count="0" type="stmt"/>
          <line num="150" count="0" type="stmt"/>
          <line num="154" count="0" type="stmt"/>
          <line num="155" count="0" type="stmt"/>
          <line num="157" count="0" type="stmt"/>
          <line num="160" count="0" type="stmt"/>
          <line num="167" count="0" type="stmt"/>
          <line num="168" count="0" type="stmt"/>
          <line num="172" count="0" type="stmt"/>
          <line num="174" count="0" type="stmt"/>
          <line num="179" count="0" type="cond" truecount="0" falsecount="2"/>
          <line num="180" count="0" type="stmt"/>
          <line num="181" count="0" type="cond" truecount="0" falsecount="2"/>
          <line num="182" count="0" type="stmt"/>
          <line num="183" count="0" type="cond" truecount="0" falsecount="2"/>
          <line num="184" count="0" type="stmt"/>
          <line num="185" count="0" type="cond" truecount="0" falsecount="2"/>
          <line num="187" count="0" type="cond" truecount="0" falsecount="2"/>
          <line num="189" count="0" type="cond" truecount="0" falsecount="2"/>
          <line num="191" count="0" type="stmt"/>
          <line num="192" count="0" type="stmt"/>
          <line num="193" count="0" type="stmt"/>
          <line num="195" count="0" type="stmt"/>
          <line num="210" count="0" type="stmt"/>
          <line num="214" count="0" type="cond" truecount="0" falsecount="2"/>
          <line num="215" count="0" type="stmt"/>
          <line num="216" count="0" type="stmt"/>
          <line num="217" count="0" type="stmt"/>
          <line num="219" count="0" type="stmt"/>
          <line num="222" count="0" type="cond" truecount="0" falsecount="2"/>
          <line num="226" count="0" type="stmt"/>
          <line num="230" count="0" type="stmt"/>
          <line num="234" count="0" type="stmt"/>
          <line num="237" count="3" type="stmt"/>
          <line num="238" count="0" type="stmt"/>
          <line num="240" count="0" type="stmt"/>
          <line num="242" count="0" type="stmt"/>
          <line num="244" count="0" type="stmt"/>
          <line num="245" count="0" type="stmt"/>
          <line num="248" count="0" type="stmt"/>
          <line num="250" count="0" type="stmt"/>
          <line num="251" count="0" type="stmt"/>
        </file>
        <file name="reducers.js" path="/Users/gfaraday/Desktop/workshop-final/Module11b/After/dev/reducers.js">
          <metrics statements="1" coveredstatements="1" conditionals="0" coveredconditionals="0" methods="0" coveredmethods="0"/>
          <line num="5" count="1" type="stmt"/>
        </file>
        <file name="store.js" path="/Users/gfaraday/Desktop/workshop-final/Module11b/After/dev/store.js">
          <metrics statements="1" coveredstatements="1" conditionals="0" coveredconditionals="0" methods="0" coveredmethods="0"/>
          <line num="7" count="1" type="stmt"/>
        </file>
      </package>
      <package name="dev.actions">
        <metrics statements="51" coveredstatements="26" conditionals="0" coveredconditionals="0" methods="35" coveredmethods="3"/>
        <file name="app.js" path="/Users/gfaraday/Desktop/workshop-final/Module11b/After/dev/actions/app.js">
          <metrics statements="8" coveredstatements="4" conditionals="0" coveredconditionals="0" methods="5" coveredmethods="0"/>
          <line num="3" count="1" type="stmt"/>
          <line num="9" count="1" type="stmt"/>
          <line num="12" count="1" type="stmt"/>
          <line num="15" count="1" type="stmt"/>
          <line num="16" count="0" type="stmt"/>
          <line num="17" count="0" type="stmt"/>
          <line num="18" count="0" type="stmt"/>
          <line num="21" count="0" type="stmt"/>
        </file>
        <file name="characters.js" path="/Users/gfaraday/Desktop/workshop-final/Module11b/After/dev/actions/characters.js">
          <metrics statements="41" coveredstatements="20" conditionals="0" coveredconditionals="0" methods="28" coveredmethods="1"/>
          <line num="5" count="3" type="stmt"/>
          <line num="6" count="3" type="stmt"/>
          <line num="7" count="3" type="stmt"/>
          <line num="8" count="3" type="stmt"/>
          <line num="12" count="3" type="stmt"/>
          <line num="15" count="3" type="stmt"/>
          <line num="22" count="3" type="stmt"/>
          <line num="28" count="3" type="stmt"/>
          <line num="29" count="0" type="stmt"/>
          <line num="30" count="0" type="stmt"/>
          <line num="31" count="0" type="stmt"/>
          <line num="35" count="0" type="stmt"/>
          <line num="36" count="0" type="stmt"/>
          <line num="42" count="3" type="stmt"/>
          <line num="45" count="3" type="stmt"/>
          <line num="51" count="3" type="stmt"/>
          <line num="57" count="3" type="stmt"/>
          <line num="58" count="0" type="stmt"/>
          <line num="59" count="0" type="stmt"/>
          <line num="60" count="0" type="stmt"/>
          <line num="65" count="0" type="stmt"/>
          <line num="66" count="0" type="stmt"/>
          <line num="68" count="0" type="stmt"/>
          <line num="74" count="3" type="stmt"/>
          <line num="77" count="3" type="stmt"/>
          <line num="83" count="3" type="stmt"/>
          <line num="89" count="3" type="stmt"/>
          <line num="90" count="0" type="stmt"/>
          <line num="91" count="0" type="stmt"/>
          <line num="92" count="0" type="stmt"/>
          <line num="96" count="0" type="stmt"/>
          <line num="97" count="0" type="stmt"/>
          <line num="103" count="3" type="stmt"/>
          <line num="106" count="3" type="stmt"/>
          <line num="112" count="3" type="stmt"/>
          <line num="118" count="3" type="stmt"/>
          <line num="119" count="0" type="stmt"/>
          <line num="120" count="0" type="stmt"/>
          <line num="121" count="0" type="stmt"/>
          <line num="125" count="0" type="stmt"/>
          <line num="126" count="0" type="stmt"/>
        </file>
        <file name="helper.js" path="/Users/gfaraday/Desktop/workshop-final/Module11b/After/dev/actions/helper.js">
          <metrics statements="2" coveredstatements="2" conditionals="0" coveredconditionals="0" methods="2" coveredmethods="2"/>
          <line num="2" count="13" type="stmt"/>
          <line num="5" count="39" type="stmt"/>
        </file>
      </package>
      <package name="dev.components.characters">
        <metrics statements="8" coveredstatements="1" conditionals="8" coveredconditionals="0" methods="1" coveredmethods="0"/>
        <file name="lifeEventField.jsx" path="/Users/gfaraday/Desktop/workshop-final/Module11b/After/dev/components/characters/lifeEventField.jsx">
          <metrics statements="8" coveredstatements="1" conditionals="8" coveredconditionals="0" methods="1" coveredmethods="0"/>
          <line num="4" count="3" type="stmt"/>
          <line num="6" count="0" type="cond" truecount="0" falsecount="4"/>
          <line num="7" count="0" type="stmt"/>
          <line num="10" count="0" type="cond" truecount="0" falsecount="2"/>
          <line num="11" count="0" type="stmt"/>
          <line num="14" count="0" type="cond" truecount="0" falsecount="2"/>
          <line num="15" count="0" type="stmt"/>
          <line num="18" count="0" type="stmt"/>
        </file>
      </package>
      <package name="dev.components.characters.detail">
        <metrics statements="26" coveredstatements="5" conditionals="24" coveredconditionals="3" methods="5" coveredmethods="1"/>
        <file name="characterDetails.jsx" path="/Users/gfaraday/Desktop/workshop-final/Module11b/After/dev/components/characters/detail/characterDetails.jsx">
          <metrics statements="26" coveredstatements="5" conditionals="24" coveredconditionals="3" methods="5" coveredmethods="1"/>
          <line num="5" count="3" type="stmt"/>
          <line num="6" count="0" type="cond" truecount="0" falsecount="2"/>
          <line num="8" count="0" type="stmt"/>
          <line num="16" count="0" type="stmt"/>
          <line num="18" count="0" type="stmt"/>
          <line num="22" count="3" type="stmt"/>
          <line num="23" count="0" type="stmt"/>
          <line num="25" count="0" type="cond" truecount="0" falsecount="2"/>
          <line num="26" count="0" type="stmt"/>
          <line num="27" count="0" type="cond" truecount="0" falsecount="2"/>
          <line num="28" count="0" type="stmt"/>
          <line num="29" count="0" type="cond" truecount="0" falsecount="2"/>
          <line num="30" count="0" type="stmt"/>
          <line num="31" count="0" type="cond" truecount="0" falsecount="4"/>
          <line num="32" count="0" type="stmt"/>
          <line num="33" count="0" type="cond" truecount="0" falsecount="2"/>
          <line num="34" count="0" type="stmt"/>
          <line num="35" count="0" type="cond" truecount="0" falsecount="2"/>
          <line num="36" count="0" type="stmt"/>
          <line num="38" count="0" type="stmt"/>
          <line num="41" count="0" type="stmt"/>
          <line num="51" count="0" type="stmt"/>
          <line num="55" count="4" type="cond" truecount="1" falsecount="1"/>
          <line num="56" count="0" type="stmt"/>
          <line num="59" count="4" type="stmt"/>
          <line num="61" count="4" type="stmt"/>
        </file>
      </package>
      <package name="dev.components.characters.list">
        <metrics statements="20" coveredstatements="4" conditionals="14" coveredconditionals="0" methods="8" coveredmethods="0"/>
        <file name="characterTable.jsx" path="/Users/gfaraday/Desktop/workshop-final/Module11b/After/dev/components/characters/list/characterTable.jsx">
          <metrics statements="20" coveredstatements="4" conditionals="14" coveredconditionals="0" methods="8" coveredmethods="0"/>
          <line num="7" count="2" type="stmt"/>
          <line num="9" count="0" type="stmt"/>
          <line num="10" count="0" type="stmt"/>
          <line num="11" count="0" type="stmt"/>
          <line num="14" count="0" type="stmt"/>
          <line num="15" count="0" type="cond" truecount="0" falsecount="2"/>
          <line num="16" count="0" type="cond" truecount="0" falsecount="2"/>
          <line num="17" count="0" type="cond" truecount="0" falsecount="2"/>
          <line num="18" count="0" type="cond" truecount="0" falsecount="2"/>
          <line num="20" count="0" type="stmt"/>
          <line num="29" count="2" type="stmt"/>
          <line num="30" count="0" type="stmt"/>
          <line num="50" count="2" type="stmt"/>
          <line num="51" count="0" type="stmt"/>
          <line num="56" count="2" type="stmt"/>
          <line num="57" count="0" type="stmt"/>
          <line num="65" count="0" type="stmt"/>
          <line num="69" count="0" type="cond" truecount="0" falsecount="2"/>
          <line num="70" count="0" type="stmt"/>
          <line num="73" count="0" type="stmt"/>
        </file>
      </package>
      <package name="dev.components.home">
        <metrics statements="1" coveredstatements="0" conditionals="0" coveredconditionals="0" methods="1" coveredmethods="0"/>
        <file name="home.jsx" path="/Users/gfaraday/Desktop/workshop-final/Module11b/After/dev/components/home/home.jsx">
          <metrics statements="1" coveredstatements="0" conditionals="0" coveredconditionals="0" methods="1" coveredmethods="0"/>
          <line num="5" count="0" type="stmt"/>
        </file>
      </package>
      <package name="dev.components.shared">
        <metrics statements="4" coveredstatements="2" conditionals="2" coveredconditionals="0" methods="2" coveredmethods="0"/>
        <file name="errorMessage.jsx" path="/Users/gfaraday/Desktop/workshop-final/Module11b/After/dev/components/shared/errorMessage.jsx">
          <metrics statements="2" coveredstatements="1" conditionals="2" coveredconditionals="0" methods="1" coveredmethods="0"/>
          <line num="3" count="2" type="stmt"/>
          <line num="4" count="0" type="cond" truecount="0" falsecount="2"/>
        </file>
        <file name="loading.jsx" path="/Users/gfaraday/Desktop/workshop-final/Module11b/After/dev/components/shared/loading.jsx">
          <metrics statements="2" coveredstatements="1" conditionals="0" coveredconditionals="0" methods="1" coveredmethods="0"/>
          <line num="3" count="3" type="stmt"/>
          <line num="4" count="0" type="stmt"/>
        </file>
      </package>
      <package name="dev.containers">
        <metrics statements="7" coveredstatements="2" conditionals="2" coveredconditionals="0" methods="3" coveredmethods="0"/>
        <file name="appContainer.jsx" path="/Users/gfaraday/Desktop/workshop-final/Module11b/After/dev/containers/appContainer.jsx">
          <metrics statements="7" coveredstatements="2" conditionals="2" coveredconditionals="0" methods="3" coveredmethods="0"/>
          <line num="12" count="0" type="stmt"/>
          <line num="14" count="0" type="stmt"/>
          <line num="18" count="0" type="cond" truecount="0" falsecount="2"/>
          <line num="19" count="0" type="stmt"/>
          <line num="40" count="0" type="stmt"/>
          <line num="46" count="1" type="stmt"/>
          <line num="50" count="1" type="stmt"/>
        </file>
      </package>
      <package name="dev.containers.characters">
        <metrics statements="13" coveredstatements="1" conditionals="2" coveredconditionals="0" methods="9" coveredmethods="0"/>
        <file name="characterHome.jsx" path="/Users/gfaraday/Desktop/workshop-final/Module11b/After/dev/containers/characters/characterHome.jsx">
          <metrics statements="13" coveredstatements="1" conditionals="2" coveredconditionals="0" methods="9" coveredmethods="0"/>
          <line num="11" count="0" type="stmt"/>
          <line num="13" count="0" type="stmt"/>
          <line num="14" count="0" type="stmt"/>
          <line num="15" count="0" type="stmt"/>
          <line num="19" count="0" type="stmt"/>
          <line num="23" count="0" type="stmt"/>
          <line num="27" count="0" type="cond" truecount="0" falsecount="2"/>
          <line num="29" count="0" type="stmt"/>
          <line num="33" count="0" type="stmt"/>
          <line num="38" count="0" type="stmt"/>
          <line num="45" count="0" type="stmt"/>
          <line num="46" count="0" type="stmt"/>
          <line num="57" count="2" type="stmt"/>
        </file>
      </package>
      <package name="dev.reducers">
        <metrics statements="20" coveredstatements="6" conditionals="16" coveredconditionals="2" methods="2" coveredmethods="2"/>
        <file name="app.js" path="/Users/gfaraday/Desktop/workshop-final/Module11b/After/dev/reducers/app.js">
          <metrics statements="5" coveredstatements="3" conditionals="3" coveredconditionals="1" methods="1" coveredmethods="1"/>
          <line num="3" count="1" type="stmt"/>
          <line num="8" count="3" type="cond" truecount="0" falsecount="2"/>
          <line num="10" count="0" type="stmt"/>
          <line num="16" count="0" type="stmt"/>
          <line num="22" count="3" type="stmt"/>
        </file>
        <file name="characters.js" path="/Users/gfaraday/Desktop/workshop-final/Module11b/After/dev/reducers/characters.js">
          <metrics statements="15" coveredstatements="3" conditionals="13" coveredconditionals="1" methods="1" coveredmethods="1"/>
          <line num="8" count="2" type="stmt"/>
          <line num="27" count="4" type="cond" truecount="0" falsecount="12"/>
          <line num="29" count="0" type="stmt"/>
          <line num="36" count="0" type="stmt"/>
          <line num="56" count="0" type="stmt"/>
          <line num="64" count="0" type="stmt"/>
          <line num="76" count="0" type="stmt"/>
          <line num="85" count="0" type="stmt"/>
          <line num="93" count="0" type="stmt"/>
          <line num="99" count="0" type="stmt"/>
          <line num="105" count="0" type="stmt"/>
          <line num="113" count="0" type="stmt"/>
          <line num="119" count="0" type="stmt"/>
          <line num="125" count="0" type="stmt"/>
          <line num="132" count="4" type="stmt"/>
        </file>
      </package>
    </metrics>
  </project>
</coverage>
