{"/Users/gfaraday/Desktop/workshop-final/Module11b/After/dev/IceAndFireRepository.js": {"path":"/Users/gfaraday/Desktop/workshop-final/Module11b/After/dev/IceAndFireRepository.js","statementMap":{"0":{"start":{"line":4,"column":16},"end":{"line":4,"column":56}},"1":{"start":{"line":5,"column":27},"end":{"line":5,"column":78}},"2":{"start":{"line":7,"column":21},"end":{"line":7,"column":145}},"3":{"start":{"line":10,"column":22},"end":{"line":10,"column":36}},"4":{"start":{"line":11,"column":22},"end":{"line":11,"column":37}},"5":{"start":{"line":12,"column":4},"end":{"line":12,"column":85}},"6":{"start":{"line":16,"column":4},"end":{"line":16,"column":65}},"7":{"start":{"line":16,"column":53},"end":{"line":16,"column":63}},"8":{"start":{"line":20,"column":4},"end":{"line":25,"column":6}},"9":{"start":{"line":22,"column":30},"end":{"line":22,"column":62}},"10":{"start":{"line":29,"column":4},"end":{"line":34,"column":6}},"11":{"start":{"line":30,"column":8},"end":{"line":33,"column":10}},"12":{"start":{"line":31,"column":18},"end":{"line":31,"column":31}},"13":{"start":{"line":38,"column":14},"end":{"line":38,"column":71}},"14":{"start":{"line":40,"column":4},"end":{"line":46,"column":7}},"15":{"start":{"line":50,"column":4},"end":{"line":50,"column":53}},"16":{"start":{"line":51,"column":4},"end":{"line":51,"column":17}},"17":{"start":{"line":55,"column":21},"end":{"line":55,"column":50}},"18":{"start":{"line":57,"column":4},"end":{"line":59,"column":5}},"19":{"start":{"line":58,"column":8},"end":{"line":58,"column":71}},"20":{"start":{"line":58,"column":38},"end":{"line":58,"column":69}},"21":{"start":{"line":61,"column":4},"end":{"line":107,"column":16}},"22":{"start":{"line":65,"column":20},"end":{"line":65,"column":33}},"23":{"start":{"line":68,"column":20},"end":{"line":81,"column":29}},"24":{"start":{"line":73,"column":40},"end":{"line":73,"column":63}},"25":{"start":{"line":74,"column":43},"end":{"line":74,"column":84}},"26":{"start":{"line":75,"column":41},"end":{"line":78,"column":29}},"27":{"start":{"line":79,"column":28},"end":{"line":79,"column":42}},"28":{"start":{"line":80,"column":37},"end":{"line":80,"column":67}},"29":{"start":{"line":84,"column":20},"end":{"line":85,"column":64}},"30":{"start":{"line":85,"column":37},"end":{"line":85,"column":63}},"31":{"start":{"line":87,"column":16},"end":{"line":106,"column":32}},"32":{"start":{"line":93,"column":36},"end":{"line":103,"column":42}},"33":{"start":{"line":95,"column":64},"end":{"line":95,"column":90}},"34":{"start":{"line":100,"column":44},"end":{"line":100,"column":71}},"35":{"start":{"line":100,"column":61},"end":{"line":100,"column":71}},"36":{"start":{"line":101,"column":44},"end":{"line":101,"column":70}},"37":{"start":{"line":101,"column":61},"end":{"line":101,"column":70}},"38":{"start":{"line":102,"column":44},"end":{"line":102,"column":53}},"39":{"start":{"line":105,"column":32},"end":{"line":105,"column":84}},"40":{"start":{"line":113,"column":8},"end":{"line":116,"column":10}},"41":{"start":{"line":113,"column":19},"end":{"line":116,"column":10}},"42":{"start":{"line":118,"column":24},"end":{"line":118,"column":58}},"43":{"start":{"line":118,"column":49},"end":{"line":118,"column":57}},"44":{"start":{"line":119,"column":8},"end":{"line":124,"column":9}},"45":{"start":{"line":120,"column":12},"end":{"line":123,"column":13}},"46":{"start":{"line":126,"column":8},"end":{"line":131,"column":9}},"47":{"start":{"line":127,"column":12},"end":{"line":130,"column":14}},"48":{"start":{"line":133,"column":8},"end":{"line":138,"column":9}},"49":{"start":{"line":134,"column":12},"end":{"line":137,"column":14}},"50":{"start":{"line":141,"column":8},"end":{"line":144,"column":9}},"51":{"start":{"line":148,"column":20},"end":{"line":148,"column":34}},"52":{"start":{"line":149,"column":18},"end":{"line":149,"column":41}},"53":{"start":{"line":150,"column":8},"end":{"line":150,"column":32}},"54":{"start":{"line":154,"column":24},"end":{"line":154,"column":52}},"55":{"start":{"line":155,"column":24},"end":{"line":155,"column":52}},"56":{"start":{"line":157,"column":8},"end":{"line":169,"column":9}},"57":{"start":{"line":160,"column":54},"end":{"line":160,"column":68}},"58":{"start":{"line":167,"column":52},"end":{"line":167,"column":66}},"59":{"start":{"line":168,"column":59},"end":{"line":168,"column":73}},"60":{"start":{"line":172,"column":4},"end":{"line":175,"column":6}},"61":{"start":{"line":174,"column":34},"end":{"line":174,"column":61}},"62":{"start":{"line":179,"column":4},"end":{"line":206,"column":5}},"63":{"start":{"line":180,"column":8},"end":{"line":180,"column":60}},"64":{"start":{"line":181,"column":11},"end":{"line":206,"column":5}},"65":{"start":{"line":182,"column":8},"end":{"line":182,"column":55}},"66":{"start":{"line":182,"column":38},"end":{"line":182,"column":53}},"67":{"start":{"line":183,"column":11},"end":{"line":206,"column":5}},"68":{"start":{"line":184,"column":8},"end":{"line":184,"column":41}},"69":{"start":{"line":185,"column":11},"end":{"line":206,"column":5}},"70":{"start":{"line":187,"column":12},"end":{"line":187,"column":59}},"71":{"start":{"line":189,"column":12},"end":{"line":189,"column":68}},"72":{"start":{"line":191,"column":22},"end":{"line":191,"column":43}},"73":{"start":{"line":192,"column":20},"end":{"line":192,"column":38}},"74":{"start":{"line":193,"column":23},"end":{"line":193,"column":62}},"75":{"start":{"line":195,"column":8},"end":{"line":205,"column":10}},"76":{"start":{"line":210,"column":4},"end":{"line":210,"column":67}},"77":{"start":{"line":210,"column":40},"end":{"line":210,"column":65}},"78":{"start":{"line":214,"column":4},"end":{"line":220,"column":5}},"79":{"start":{"line":215,"column":20},"end":{"line":215,"column":52}},"80":{"start":{"line":215,"column":43},"end":{"line":215,"column":47}},"81":{"start":{"line":216,"column":8},"end":{"line":216,"column":23}},"82":{"start":{"line":217,"column":8},"end":{"line":217,"column":29}},"83":{"start":{"line":219,"column":8},"end":{"line":219,"column":26}},"84":{"start":{"line":222,"column":4},"end":{"line":222,"column":58}},"85":{"start":{"line":222,"column":31},"end":{"line":222,"column":56}},"86":{"start":{"line":226,"column":4},"end":{"line":226,"column":64}},"87":{"start":{"line":226,"column":40},"end":{"line":226,"column":62}},"88":{"start":{"line":230,"column":4},"end":{"line":230,"column":51}},"89":{"start":{"line":230,"column":34},"end":{"line":230,"column":49}},"90":{"start":{"line":234,"column":4},"end":{"line":234,"column":65}},"91":{"start":{"line":234,"column":40},"end":{"line":234,"column":63}},"92":{"start":{"line":237,"column":29},"end":{"line":254,"column":1}},"93":{"start":{"line":238,"column":17},"end":{"line":238,"column":53}},"94":{"start":{"line":240,"column":24},"end":{"line":240,"column":58}},"95":{"start":{"line":242,"column":20},"end":{"line":246,"column":26}},"96":{"start":{"line":244,"column":28},"end":{"line":244,"column":86}},"97":{"start":{"line":245,"column":28},"end":{"line":245,"column":45}},"98":{"start":{"line":248,"column":20},"end":{"line":252,"column":26}},"99":{"start":{"line":250,"column":28},"end":{"line":250,"column":86}},"100":{"start":{"line":251,"column":28},"end":{"line":251,"column":40}}},"fnMap":{"0":{"name":"getRandomInt","decl":{"start":{"line":9,"column":9},"end":{"line":9,"column":21}},"loc":{"start":{"line":9,"column":32},"end":{"line":13,"column":1}},"line":9},"1":{"name":"range","decl":{"start":{"line":15,"column":9},"end":{"line":15,"column":14}},"loc":{"start":{"line":15,"column":27},"end":{"line":17,"column":1}},"line":15},"2":{"name":"(anonymous_2)","decl":{"start":{"line":16,"column":42},"end":{"line":16,"column":43}},"loc":{"start":{"line":16,"column":53},"end":{"line":16,"column":63}},"line":16},"3":{"name":"maxBy","decl":{"start":{"line":19,"column":9},"end":{"line":19,"column":14}},"loc":{"start":{"line":19,"column":37},"end":{"line":26,"column":1}},"line":19},"4":{"name":"(anonymous_4)","decl":{"start":{"line":22,"column":12},"end":{"line":22,"column":13}},"loc":{"start":{"line":22,"column":30},"end":{"line":22,"column":62}},"line":22},"5":{"name":"simulateNetworkRequest","decl":{"start":{"line":28,"column":9},"end":{"line":28,"column":31}},"loc":{"start":{"line":28,"column":36},"end":{"line":35,"column":1}},"line":28},"6":{"name":"(anonymous_6)","decl":{"start":{"line":29,"column":23},"end":{"line":29,"column":24}},"loc":{"start":{"line":29,"column":34},"end":{"line":34,"column":5}},"line":29},"7":{"name":"(anonymous_7)","decl":{"start":{"line":31,"column":12},"end":{"line":31,"column":13}},"loc":{"start":{"line":31,"column":18},"end":{"line":31,"column":31}},"line":31},"8":{"name":"getPage","decl":{"start":{"line":37,"column":9},"end":{"line":37,"column":16}},"loc":{"start":{"line":37,"column":42},"end":{"line":47,"column":1}},"line":37},"9":{"name":"serializeToLocalStorage","decl":{"start":{"line":49,"column":9},"end":{"line":49,"column":32}},"loc":{"start":{"line":49,"column":45},"end":{"line":52,"column":1}},"line":49},"10":{"name":"loadData","decl":{"start":{"line":54,"column":9},"end":{"line":54,"column":17}},"loc":{"start":{"line":54,"column":35},"end":{"line":108,"column":1}},"line":54},"11":{"name":"(anonymous_11)","decl":{"start":{"line":58,"column":27},"end":{"line":58,"column":28}},"loc":{"start":{"line":58,"column":38},"end":{"line":58,"column":69}},"line":58},"12":{"name":"(anonymous_12)","decl":{"start":{"line":63,"column":18},"end":{"line":63,"column":19}},"loc":{"start":{"line":63,"column":38},"end":{"line":107,"column":13}},"line":63},"13":{"name":"(anonymous_13)","decl":{"start":{"line":72,"column":29},"end":{"line":72,"column":30}},"loc":{"start":{"line":72,"column":37},"end":{"line":80,"column":25}},"line":72},"14":{"name":"(anonymous_14)","decl":{"start":{"line":80,"column":32},"end":{"line":80,"column":33}},"loc":{"start":{"line":80,"column":37},"end":{"line":80,"column":67}},"line":80},"15":{"name":"(anonymous_15)","decl":{"start":{"line":85,"column":29},"end":{"line":85,"column":30}},"loc":{"start":{"line":85,"column":37},"end":{"line":85,"column":63}},"line":85},"16":{"name":"(anonymous_16)","decl":{"start":{"line":91,"column":28},"end":{"line":91,"column":29}},"loc":{"start":{"line":91,"column":37},"end":{"line":106,"column":29}},"line":91},"17":{"name":"(anonymous_17)","decl":{"start":{"line":95,"column":44},"end":{"line":95,"column":45}},"loc":{"start":{"line":95,"column":64},"end":{"line":95,"column":90}},"line":95},"18":{"name":"(anonymous_18)","decl":{"start":{"line":98,"column":46},"end":{"line":98,"column":47}},"loc":{"start":{"line":98,"column":56},"end":{"line":103,"column":41}},"line":98},"19":{"name":"loadCharacterData","decl":{"start":{"line":111,"column":9},"end":{"line":111,"column":26}},"loc":{"start":{"line":111,"column":29},"end":{"line":176,"column":1}},"line":111},"20":{"name":"parseDate","decl":{"start":{"line":112,"column":13},"end":{"line":112,"column":22}},"loc":{"start":{"line":112,"column":29},"end":{"line":145,"column":5}},"line":112},"21":{"name":"(anonymous_21)","decl":{"start":{"line":118,"column":44},"end":{"line":118,"column":45}},"loc":{"start":{"line":118,"column":49},"end":{"line":118,"column":57}},"line":118},"22":{"name":"extractIdFromUrl","decl":{"start":{"line":147,"column":13},"end":{"line":147,"column":29}},"loc":{"start":{"line":147,"column":35},"end":{"line":151,"column":5}},"line":147},"23":{"name":"munge","decl":{"start":{"line":153,"column":13},"end":{"line":153,"column":18}},"loc":{"start":{"line":153,"column":33},"end":{"line":170,"column":5}},"line":153},"24":{"name":"(anonymous_24)","decl":{"start":{"line":160,"column":49},"end":{"line":160,"column":50}},"loc":{"start":{"line":160,"column":54},"end":{"line":160,"column":68}},"line":160},"25":{"name":"(anonymous_25)","decl":{"start":{"line":167,"column":47},"end":{"line":167,"column":48}},"loc":{"start":{"line":167,"column":52},"end":{"line":167,"column":66}},"line":167},"26":{"name":"(anonymous_26)","decl":{"start":{"line":168,"column":54},"end":{"line":168,"column":55}},"loc":{"start":{"line":168,"column":59},"end":{"line":168,"column":73}},"line":168},"27":{"name":"(anonymous_27)","decl":{"start":{"line":174,"column":18},"end":{"line":174,"column":19}},"loc":{"start":{"line":174,"column":32},"end":{"line":174,"column":63}},"line":174},"28":{"name":"query","decl":{"start":{"line":178,"column":9},"end":{"line":178,"column":14}},"loc":{"start":{"line":178,"column":36},"end":{"line":207,"column":1}},"line":178},"29":{"name":"(anonymous_29)","decl":{"start":{"line":182,"column":33},"end":{"line":182,"column":34}},"loc":{"start":{"line":182,"column":38},"end":{"line":182,"column":53}},"line":182},"30":{"name":"queryAsync","decl":{"start":{"line":209,"column":9},"end":{"line":209,"column":19}},"loc":{"start":{"line":209,"column":41},"end":{"line":211,"column":1}},"line":209},"31":{"name":"(anonymous_31)","decl":{"start":{"line":210,"column":34},"end":{"line":210,"column":35}},"loc":{"start":{"line":210,"column":40},"end":{"line":210,"column":65}},"line":210},"32":{"name":"store","decl":{"start":{"line":213,"column":9},"end":{"line":213,"column":14}},"loc":{"start":{"line":213,"column":32},"end":{"line":223,"column":1}},"line":213},"33":{"name":"(anonymous_33)","decl":{"start":{"line":215,"column":38},"end":{"line":215,"column":39}},"loc":{"start":{"line":215,"column":43},"end":{"line":215,"column":47}},"line":215},"34":{"name":"(anonymous_34)","decl":{"start":{"line":222,"column":26},"end":{"line":222,"column":27}},"loc":{"start":{"line":222,"column":31},"end":{"line":222,"column":56}},"line":222},"35":{"name":"storeAsync","decl":{"start":{"line":225,"column":9},"end":{"line":225,"column":19}},"loc":{"start":{"line":225,"column":38},"end":{"line":227,"column":1}},"line":225},"36":{"name":"(anonymous_36)","decl":{"start":{"line":226,"column":34},"end":{"line":226,"column":35}},"loc":{"start":{"line":226,"column":40},"end":{"line":226,"column":62}},"line":226},"37":{"name":"remove","decl":{"start":{"line":229,"column":9},"end":{"line":229,"column":15}},"loc":{"start":{"line":229,"column":33},"end":{"line":231,"column":1}},"line":229},"38":{"name":"(anonymous_38)","decl":{"start":{"line":230,"column":29},"end":{"line":230,"column":30}},"loc":{"start":{"line":230,"column":34},"end":{"line":230,"column":49}},"line":230},"39":{"name":"removeAsync","decl":{"start":{"line":233,"column":9},"end":{"line":233,"column":20}},"loc":{"start":{"line":233,"column":39},"end":{"line":235,"column":1}},"line":233},"40":{"name":"(anonymous_40)","decl":{"start":{"line":234,"column":34},"end":{"line":234,"column":35}},"loc":{"start":{"line":234,"column":40},"end":{"line":234,"column":63}},"line":234},"41":{"name":"(anonymous_41)","decl":{"start":{"line":238,"column":11},"end":{"line":238,"column":12}},"loc":{"start":{"line":238,"column":17},"end":{"line":238,"column":53}},"line":238},"42":{"name":"(anonymous_42)","decl":{"start":{"line":240,"column":14},"end":{"line":240,"column":15}},"loc":{"start":{"line":240,"column":24},"end":{"line":240,"column":58}},"line":240},"43":{"name":"(anonymous_43)","decl":{"start":{"line":241,"column":16},"end":{"line":241,"column":17}},"loc":{"start":{"line":242,"column":20},"end":{"line":246,"column":26}},"line":242},"44":{"name":"(anonymous_44)","decl":{"start":{"line":243,"column":30},"end":{"line":243,"column":31}},"loc":{"start":{"line":243,"column":35},"end":{"line":246,"column":25}},"line":243},"45":{"name":"(anonymous_45)","decl":{"start":{"line":247,"column":17},"end":{"line":247,"column":18}},"loc":{"start":{"line":248,"column":20},"end":{"line":252,"column":26}},"line":248},"46":{"name":"(anonymous_46)","decl":{"start":{"line":249,"column":30},"end":{"line":249,"column":31}},"loc":{"start":{"line":249,"column":35},"end":{"line":252,"column":25}},"line":249}},"branchMap":{"0":{"loc":{"start":{"line":57,"column":4},"end":{"line":59,"column":5}},"type":"if","locations":[{"start":{"line":57,"column":4},"end":{"line":59,"column":5}},{"start":{"line":57,"column":4},"end":{"line":59,"column":5}}],"line":57},"1":{"loc":{"start":{"line":100,"column":44},"end":{"line":100,"column":71}},"type":"if","locations":[{"start":{"line":100,"column":44},"end":{"line":100,"column":71}},{"start":{"line":100,"column":44},"end":{"line":100,"column":71}}],"line":100},"2":{"loc":{"start":{"line":101,"column":44},"end":{"line":101,"column":70}},"type":"if","locations":[{"start":{"line":101,"column":44},"end":{"line":101,"column":70}},{"start":{"line":101,"column":44},"end":{"line":101,"column":70}}],"line":101},"3":{"loc":{"start":{"line":113,"column":8},"end":{"line":116,"column":10}},"type":"if","locations":[{"start":{"line":113,"column":8},"end":{"line":116,"column":10}},{"start":{"line":113,"column":8},"end":{"line":116,"column":10}}],"line":113},"4":{"loc":{"start":{"line":119,"column":8},"end":{"line":124,"column":9}},"type":"if","locations":[{"start":{"line":119,"column":8},"end":{"line":124,"column":9}},{"start":{"line":119,"column":8},"end":{"line":124,"column":9}}],"line":119},"5":{"loc":{"start":{"line":126,"column":8},"end":{"line":131,"column":9}},"type":"if","locations":[{"start":{"line":126,"column":8},"end":{"line":131,"column":9}},{"start":{"line":126,"column":8},"end":{"line":131,"column":9}}],"line":126},"6":{"loc":{"start":{"line":133,"column":8},"end":{"line":138,"column":9}},"type":"if","locations":[{"start":{"line":133,"column":8},"end":{"line":138,"column":9}},{"start":{"line":133,"column":8},"end":{"line":138,"column":9}}],"line":133},"7":{"loc":{"start":{"line":179,"column":4},"end":{"line":206,"column":5}},"type":"if","locations":[{"start":{"line":179,"column":4},"end":{"line":206,"column":5}},{"start":{"line":179,"column":4},"end":{"line":206,"column":5}}],"line":179},"8":{"loc":{"start":{"line":181,"column":11},"end":{"line":206,"column":5}},"type":"if","locations":[{"start":{"line":181,"column":11},"end":{"line":206,"column":5}},{"start":{"line":181,"column":11},"end":{"line":206,"column":5}}],"line":181},"9":{"loc":{"start":{"line":183,"column":11},"end":{"line":206,"column":5}},"type":"if","locations":[{"start":{"line":183,"column":11},"end":{"line":206,"column":5}},{"start":{"line":183,"column":11},"end":{"line":206,"column":5}}],"line":183},"10":{"loc":{"start":{"line":185,"column":11},"end":{"line":206,"column":5}},"type":"if","locations":[{"start":{"line":185,"column":11},"end":{"line":206,"column":5}},{"start":{"line":185,"column":11},"end":{"line":206,"column":5}}],"line":185},"11":{"loc":{"start":{"line":187,"column":12},"end":{"line":187,"column":59}},"type":"cond-expr","locations":[{"start":{"line":187,"column":44},"end":{"line":187,"column":55}},{"start":{"line":187,"column":58},"end":{"line":187,"column":59}}],"line":187},"12":{"loc":{"start":{"line":189,"column":12},"end":{"line":189,"column":68}},"type":"cond-expr","locations":[{"start":{"line":189,"column":48},"end":{"line":189,"column":63}},{"start":{"line":189,"column":66},"end":{"line":189,"column":68}}],"line":189},"13":{"loc":{"start":{"line":199,"column":23},"end":{"line":199,"column":51}},"type":"cond-expr","locations":[{"start":{"line":199,"column":36},"end":{"line":199,"column":40}},{"start":{"line":199,"column":43},"end":{"line":199,"column":51}}],"line":199},"14":{"loc":{"start":{"line":200,"column":23},"end":{"line":200,"column":58}},"type":"cond-expr","locations":[{"start":{"line":200,"column":43},"end":{"line":200,"column":47}},{"start":{"line":200,"column":50},"end":{"line":200,"column":58}}],"line":200},"15":{"loc":{"start":{"line":214,"column":4},"end":{"line":220,"column":5}},"type":"if","locations":[{"start":{"line":214,"column":4},"end":{"line":220,"column":5}},{"start":{"line":214,"column":4},"end":{"line":220,"column":5}}],"line":214},"16":{"loc":{"start":{"line":222,"column":31},"end":{"line":222,"column":56}},"type":"cond-expr","locations":[{"start":{"line":222,"column":49},"end":{"line":222,"column":50}},{"start":{"line":222,"column":53},"end":{"line":222,"column":56}}],"line":222}},"s":{"0":3,"1":3,"2":3,"3":0,"4":0,"5":0,"6":0,"7":0,"8":0,"9":0,"10":0,"11":0,"12":0,"13":0,"14":0,"15":0,"16":0,"17":0,"18":0,"19":0,"20":0,"21":0,"22":0,"23":0,"24":0,"25":0,"26":0,"27":0,"28":0,"29":0,"30":0,"31":0,"32":0,"33":0,"34":0,"35":0,"36":0,"37":0,"38":0,"39":0,"40":0,"41":0,"42":0,"43":0,"44":0,"45":0,"46":0,"47":0,"48":0,"49":0,"50":0,"51":0,"52":0,"53":0,"54":0,"55":0,"56":0,"57":0,"58":0,"59":0,"60":0,"61":0,"62":0,"63":0,"64":0,"65":0,"66":0,"67":0,"68":0,"69":0,"70":0,"71":0,"72":0,"73":0,"74":0,"75":0,"76":0,"77":0,"78":0,"79":0,"80":0,"81":0,"82":0,"83":0,"84":0,"85":0,"86":0,"87":0,"88":0,"89":0,"90":0,"91":0,"92":3,"93":0,"94":0,"95":0,"96":0,"97":0,"98":0,"99":0,"100":0},"f":{"0":0,"1":0,"2":0,"3":0,"4":0,"5":0,"6":0,"7":0,"8":0,"9":0,"10":0,"11":0,"12":0,"13":0,"14":0,"15":0,"16":0,"17":0,"18":0,"19":0,"20":0,"21":0,"22":0,"23":0,"24":0,"25":0,"26":0,"27":0,"28":0,"29":0,"30":0,"31":0,"32":0,"33":0,"34":0,"35":0,"36":0,"37":0,"38":0,"39":0,"40":0,"41":0,"42":0,"43":0,"44":0,"45":0,"46":0},"b":{"0":[0,0],"1":[0,0],"2":[0,0],"3":[0,0],"4":[0,0],"5":[0,0],"6":[0,0],"7":[0,0],"8":[0,0],"9":[0,0],"10":[0,0],"11":[0,0],"12":[0,0],"13":[0,0],"14":[0,0],"15":[0,0],"16":[0,0]},"_coverageSchema":"332fd63041d2c1bcb487cc26dd0d5f7d97098a6c","hash":"b29c9446d8901e725a0458c5372595ff7b5b7b1e"}
,"/Users/gfaraday/Desktop/workshop-final/Module11b/After/dev/reducers.js": {"path":"/Users/gfaraday/Desktop/workshop-final/Module11b/After/dev/reducers.js","statementMap":{"0":{"start":{"line":5,"column":20},"end":{"line":8,"column":2}}},"fnMap":{},"branchMap":{},"s":{"0":1},"f":{},"b":{},"_coverageSchema":"332fd63041d2c1bcb487cc26dd0d5f7d97098a6c","hash":"e3969531e0107188534b3a3228a914567369ae08"}
,"/Users/gfaraday/Desktop/workshop-final/Module11b/After/dev/store.js": {"path":"/Users/gfaraday/Desktop/workshop-final/Module11b/After/dev/store.js","statementMap":{"0":{"start":{"line":7,"column":4},"end":{"line":10,"column":5}}},"fnMap":{},"branchMap":{},"s":{"0":1},"f":{},"b":{},"_coverageSchema":"332fd63041d2c1bcb487cc26dd0d5f7d97098a6c","hash":"073017024e06b2f94f60f76e8b5e5ebdce9fb080"}
,"/Users/gfaraday/Desktop/workshop-final/Module11b/After/dev/actions/app.js": {"path":"/Users/gfaraday/Desktop/workshop-final/Module11b/After/dev/actions/app.js","statementMap":{"0":{"start":{"line":3,"column":19},"end":{"line":6,"column":1}},"1":{"start":{"line":9,"column":4},"end":{"line":9,"column":38}},"2":{"start":{"line":9,"column":11},"end":{"line":9,"column":37}},"3":{"start":{"line":12,"column":4},"end":{"line":12,"column":37}},"4":{"start":{"line":12,"column":11},"end":{"line":12,"column":36}},"5":{"start":{"line":15,"column":4},"end":{"line":23,"column":9}},"6":{"start":{"line":16,"column":8},"end":{"line":23,"column":9}},"7":{"start":{"line":17,"column":12},"end":{"line":17,"column":40}},"8":{"start":{"line":18,"column":12},"end":{"line":22,"column":14}},"9":{"start":{"line":21,"column":38},"end":{"line":21,"column":64}}},"fnMap":{"0":{"name":"(anonymous_0)","decl":{"start":{"line":9,"column":4},"end":{"line":9,"column":5}},"loc":{"start":{"line":9,"column":11},"end":{"line":9,"column":37}},"line":9},"1":{"name":"(anonymous_1)","decl":{"start":{"line":12,"column":4},"end":{"line":12,"column":5}},"loc":{"start":{"line":12,"column":11},"end":{"line":12,"column":36}},"line":12},"2":{"name":"(anonymous_2)","decl":{"start":{"line":15,"column":4},"end":{"line":15,"column":5}},"loc":{"start":{"line":16,"column":8},"end":{"line":23,"column":9}},"line":16},"3":{"name":"(anonymous_3)","decl":{"start":{"line":16,"column":8},"end":{"line":16,"column":9}},"loc":{"start":{"line":16,"column":20},"end":{"line":23,"column":9}},"line":16},"4":{"name":"(anonymous_4)","decl":{"start":{"line":21,"column":26},"end":{"line":21,"column":27}},"loc":{"start":{"line":21,"column":38},"end":{"line":21,"column":64}},"line":21}},"branchMap":{},"s":{"0":1,"1":1,"2":0,"3":1,"4":0,"5":1,"6":0,"7":0,"8":0,"9":0},"f":{"0":0,"1":0,"2":0,"3":0,"4":0},"b":{},"_coverageSchema":"332fd63041d2c1bcb487cc26dd0d5f7d97098a6c","hash":"678486d2791a0981cbd3962f52963636faf50c8f"}
,"/Users/gfaraday/Desktop/workshop-final/Module11b/After/dev/actions/characters.js": {"path":"/Users/gfaraday/Desktop/workshop-final/Module11b/After/dev/actions/characters.js","statementMap":{"0":{"start":{"line":5,"column":38},"end":{"line":5,"column":82}},"1":{"start":{"line":6,"column":32},"end":{"line":6,"column":70}},"2":{"start":{"line":7,"column":31},"end":{"line":7,"column":68}},"3":{"start":{"line":8,"column":32},"end":{"line":8,"column":70}},"4":{"start":{"line":12,"column":4},"end":{"line":12,"column":46}},"5":{"start":{"line":12,"column":11},"end":{"line":12,"column":45}},"6":{"start":{"line":15,"column":4},"end":{"line":19,"column":6}},"7":{"start":{"line":15,"column":17},"end":{"line":19,"column":5}},"8":{"start":{"line":22,"column":4},"end":{"line":25,"column":6}},"9":{"start":{"line":22,"column":14},"end":{"line":25,"column":5}},"10":{"start":{"line":28,"column":4},"end":{"line":38,"column":9}},"11":{"start":{"line":29,"column":8},"end":{"line":38,"column":9}},"12":{"start":{"line":30,"column":12},"end":{"line":30,"column":52}},"13":{"start":{"line":31,"column":12},"end":{"line":37,"column":14}},"14":{"start":{"line":35,"column":38},"end":{"line":35,"column":80}},"15":{"start":{"line":36,"column":34},"end":{"line":36,"column":71}},"16":{"start":{"line":42,"column":4},"end":{"line":42,"column":52}},"17":{"start":{"line":42,"column":11},"end":{"line":42,"column":51}},"18":{"start":{"line":45,"column":4},"end":{"line":48,"column":6}},"19":{"start":{"line":45,"column":17},"end":{"line":48,"column":5}},"20":{"start":{"line":51,"column":4},"end":{"line":54,"column":6}},"21":{"start":{"line":51,"column":14},"end":{"line":54,"column":5}},"22":{"start":{"line":57,"column":4},"end":{"line":70,"column":9}},"23":{"start":{"line":58,"column":8},"end":{"line":70,"column":9}},"24":{"start":{"line":59,"column":12},"end":{"line":59,"column":52}},"25":{"start":{"line":60,"column":12},"end":{"line":69,"column":14}},"26":{"start":{"line":65,"column":35},"end":{"line":65,"column":61}},"27":{"start":{"line":66,"column":24},"end":{"line":66,"column":68}},"28":{"start":{"line":68,"column":34},"end":{"line":68,"column":76}},"29":{"start":{"line":74,"column":4},"end":{"line":74,"column":45}},"30":{"start":{"line":74,"column":11},"end":{"line":74,"column":44}},"31":{"start":{"line":77,"column":4},"end":{"line":80,"column":6}},"32":{"start":{"line":77,"column":17},"end":{"line":80,"column":5}},"33":{"start":{"line":83,"column":4},"end":{"line":86,"column":6}},"34":{"start":{"line":83,"column":14},"end":{"line":86,"column":5}},"35":{"start":{"line":89,"column":4},"end":{"line":99,"column":9}},"36":{"start":{"line":90,"column":8},"end":{"line":99,"column":9}},"37":{"start":{"line":91,"column":12},"end":{"line":91,"column":46}},"38":{"start":{"line":92,"column":12},"end":{"line":98,"column":14}},"39":{"start":{"line":96,"column":38},"end":{"line":96,"column":79}},"40":{"start":{"line":97,"column":36},"end":{"line":97,"column":74}},"41":{"start":{"line":103,"column":4},"end":{"line":103,"column":46}},"42":{"start":{"line":103,"column":11},"end":{"line":103,"column":45}},"43":{"start":{"line":106,"column":4},"end":{"line":109,"column":6}},"44":{"start":{"line":106,"column":17},"end":{"line":109,"column":5}},"45":{"start":{"line":112,"column":4},"end":{"line":115,"column":6}},"46":{"start":{"line":112,"column":14},"end":{"line":115,"column":5}},"47":{"start":{"line":118,"column":4},"end":{"line":128,"column":9}},"48":{"start":{"line":119,"column":8},"end":{"line":128,"column":9}},"49":{"start":{"line":120,"column":12},"end":{"line":120,"column":47}},"50":{"start":{"line":121,"column":12},"end":{"line":127,"column":14}},"51":{"start":{"line":125,"column":38},"end":{"line":125,"column":80}},"52":{"start":{"line":126,"column":36},"end":{"line":126,"column":75}}},"fnMap":{"0":{"name":"(anonymous_0)","decl":{"start":{"line":12,"column":4},"end":{"line":12,"column":5}},"loc":{"start":{"line":12,"column":11},"end":{"line":12,"column":45}},"line":12},"1":{"name":"(anonymous_1)","decl":{"start":{"line":15,"column":4},"end":{"line":15,"column":5}},"loc":{"start":{"line":15,"column":17},"end":{"line":19,"column":5}},"line":15},"2":{"name":"(anonymous_2)","decl":{"start":{"line":22,"column":4},"end":{"line":22,"column":5}},"loc":{"start":{"line":22,"column":14},"end":{"line":25,"column":5}},"line":22},"3":{"name":"(anonymous_3)","decl":{"start":{"line":28,"column":4},"end":{"line":28,"column":5}},"loc":{"start":{"line":29,"column":8},"end":{"line":38,"column":9}},"line":29},"4":{"name":"(anonymous_4)","decl":{"start":{"line":29,"column":8},"end":{"line":29,"column":9}},"loc":{"start":{"line":29,"column":20},"end":{"line":38,"column":9}},"line":29},"5":{"name":"(anonymous_5)","decl":{"start":{"line":35,"column":26},"end":{"line":35,"column":27}},"loc":{"start":{"line":35,"column":38},"end":{"line":35,"column":80}},"line":35},"6":{"name":"(anonymous_6)","decl":{"start":{"line":36,"column":27},"end":{"line":36,"column":28}},"loc":{"start":{"line":36,"column":34},"end":{"line":36,"column":71}},"line":36},"7":{"name":"(anonymous_7)","decl":{"start":{"line":42,"column":4},"end":{"line":42,"column":5}},"loc":{"start":{"line":42,"column":11},"end":{"line":42,"column":51}},"line":42},"8":{"name":"(anonymous_8)","decl":{"start":{"line":45,"column":4},"end":{"line":45,"column":5}},"loc":{"start":{"line":45,"column":17},"end":{"line":48,"column":5}},"line":45},"9":{"name":"(anonymous_9)","decl":{"start":{"line":51,"column":4},"end":{"line":51,"column":5}},"loc":{"start":{"line":51,"column":14},"end":{"line":54,"column":5}},"line":51},"10":{"name":"(anonymous_10)","decl":{"start":{"line":57,"column":4},"end":{"line":57,"column":5}},"loc":{"start":{"line":58,"column":8},"end":{"line":70,"column":9}},"line":58},"11":{"name":"(anonymous_11)","decl":{"start":{"line":58,"column":8},"end":{"line":58,"column":9}},"loc":{"start":{"line":58,"column":20},"end":{"line":70,"column":9}},"line":58},"12":{"name":"(anonymous_12)","decl":{"start":{"line":64,"column":26},"end":{"line":64,"column":27}},"loc":{"start":{"line":64,"column":38},"end":{"line":67,"column":21}},"line":64},"13":{"name":"(anonymous_13)","decl":{"start":{"line":68,"column":27},"end":{"line":68,"column":28}},"loc":{"start":{"line":68,"column":34},"end":{"line":68,"column":76}},"line":68},"14":{"name":"(anonymous_14)","decl":{"start":{"line":74,"column":4},"end":{"line":74,"column":5}},"loc":{"start":{"line":74,"column":11},"end":{"line":74,"column":44}},"line":74},"15":{"name":"(anonymous_15)","decl":{"start":{"line":77,"column":4},"end":{"line":77,"column":5}},"loc":{"start":{"line":77,"column":17},"end":{"line":80,"column":5}},"line":77},"16":{"name":"(anonymous_16)","decl":{"start":{"line":83,"column":4},"end":{"line":83,"column":5}},"loc":{"start":{"line":83,"column":14},"end":{"line":86,"column":5}},"line":83},"17":{"name":"(anonymous_17)","decl":{"start":{"line":89,"column":4},"end":{"line":89,"column":5}},"loc":{"start":{"line":90,"column":8},"end":{"line":99,"column":9}},"line":90},"18":{"name":"(anonymous_18)","decl":{"start":{"line":90,"column":8},"end":{"line":90,"column":9}},"loc":{"start":{"line":90,"column":20},"end":{"line":99,"column":9}},"line":90},"19":{"name":"(anonymous_19)","decl":{"start":{"line":96,"column":26},"end":{"line":96,"column":27}},"loc":{"start":{"line":96,"column":38},"end":{"line":96,"column":79}},"line":96},"20":{"name":"(anonymous_20)","decl":{"start":{"line":97,"column":27},"end":{"line":97,"column":28}},"loc":{"start":{"line":97,"column":36},"end":{"line":97,"column":74}},"line":97},"21":{"name":"(anonymous_21)","decl":{"start":{"line":103,"column":4},"end":{"line":103,"column":5}},"loc":{"start":{"line":103,"column":11},"end":{"line":103,"column":45}},"line":103},"22":{"name":"(anonymous_22)","decl":{"start":{"line":106,"column":4},"end":{"line":106,"column":5}},"loc":{"start":{"line":106,"column":17},"end":{"line":109,"column":5}},"line":106},"23":{"name":"(anonymous_23)","decl":{"start":{"line":112,"column":4},"end":{"line":112,"column":5}},"loc":{"start":{"line":112,"column":14},"end":{"line":115,"column":5}},"line":112},"24":{"name":"(anonymous_24)","decl":{"start":{"line":118,"column":4},"end":{"line":118,"column":5}},"loc":{"start":{"line":119,"column":8},"end":{"line":128,"column":9}},"line":119},"25":{"name":"(anonymous_25)","decl":{"start":{"line":119,"column":8},"end":{"line":119,"column":9}},"loc":{"start":{"line":119,"column":20},"end":{"line":128,"column":9}},"line":119},"26":{"name":"(anonymous_26)","decl":{"start":{"line":125,"column":26},"end":{"line":125,"column":27}},"loc":{"start":{"line":125,"column":38},"end":{"line":125,"column":80}},"line":125},"27":{"name":"(anonymous_27)","decl":{"start":{"line":126,"column":27},"end":{"line":126,"column":28}},"loc":{"start":{"line":126,"column":36},"end":{"line":126,"column":75}},"line":126}},"branchMap":{},"s":{"0":3,"1":3,"2":3,"3":3,"4":3,"5":1,"6":3,"7":0,"8":3,"9":0,"10":3,"11":0,"12":0,"13":0,"14":0,"15":0,"16":3,"17":0,"18":3,"19":0,"20":3,"21":0,"22":3,"23":0,"24":0,"25":0,"26":0,"27":0,"28":0,"29":3,"30":0,"31":3,"32":0,"33":3,"34":0,"35":3,"36":0,"37":0,"38":0,"39":0,"40":0,"41":3,"42":0,"43":3,"44":0,"45":3,"46":0,"47":3,"48":0,"49":0,"50":0,"51":0,"52":0},"f":{"0":1,"1":0,"2":0,"3":0,"4":0,"5":0,"6":0,"7":0,"8":0,"9":0,"10":0,"11":0,"12":0,"13":0,"14":0,"15":0,"16":0,"17":0,"18":0,"19":0,"20":0,"21":0,"22":0,"23":0,"24":0,"25":0,"26":0,"27":0},"b":{},"_coverageSchema":"332fd63041d2c1bcb487cc26dd0d5f7d97098a6c","hash":"dc3948b445893702c2c09108e96bfa61e7a69afd"}
,"/Users/gfaraday/Desktop/workshop-final/Module11b/After/dev/actions/helper.js": {"path":"/Users/gfaraday/Desktop/workshop-final/Module11b/After/dev/actions/helper.js","statementMap":{"0":{"start":{"line":2,"column":4},"end":{"line":7,"column":6}},"1":{"start":{"line":5,"column":33},"end":{"line":5,"column":65}},"2":{"start":{"line":5,"column":66},"end":{"line":5,"column":77}}},"fnMap":{"0":{"name":"createRequestTypes","decl":{"start":{"line":1,"column":16},"end":{"line":1,"column":34}},"loc":{"start":{"line":1,"column":44},"end":{"line":8,"column":1}},"line":1},"1":{"name":"(anonymous_1)","decl":{"start":{"line":5,"column":16},"end":{"line":5,"column":17}},"loc":{"start":{"line":5,"column":31},"end":{"line":5,"column":79}},"line":5}},"branchMap":{},"s":{"0":13,"1":39,"2":39},"f":{"0":13,"1":39},"b":{},"_coverageSchema":"332fd63041d2c1bcb487cc26dd0d5f7d97098a6c","hash":"aeded7e6ce9b8326338ab9b948e1bfa6cd485a2e"}
,"/Users/gfaraday/Desktop/workshop-final/Module11b/After/dev/components/characters/lifeEventField.jsx": {"path":"/Users/gfaraday/Desktop/workshop-final/Module11b/After/dev/components/characters/lifeEventField.jsx","statementMap":{"0":{"start":{"line":4,"column":4},"end":{"line":19,"column":5}},"1":{"start":{"line":6,"column":8},"end":{"line":8,"column":9}},"2":{"start":{"line":7,"column":12},"end":{"line":7,"column":100}},"3":{"start":{"line":10,"column":8},"end":{"line":12,"column":9}},"4":{"start":{"line":11,"column":12},"end":{"line":11,"column":43}},"5":{"start":{"line":14,"column":8},"end":{"line":16,"column":9}},"6":{"start":{"line":15,"column":12},"end":{"line":15,"column":47}},"7":{"start":{"line":18,"column":8},"end":{"line":18,"column":27}}},"fnMap":{"0":{"name":"(anonymous_0)","decl":{"start":{"line":4,"column":4},"end":{"line":4,"column":5}},"loc":{"start":{"line":5,"column":4},"end":{"line":19,"column":5}},"line":5}},"branchMap":{"0":{"loc":{"start":{"line":6,"column":8},"end":{"line":8,"column":9}},"type":"if","locations":[{"start":{"line":6,"column":8},"end":{"line":8,"column":9}},{"start":{"line":6,"column":8},"end":{"line":8,"column":9}}],"line":6},"1":{"loc":{"start":{"line":6,"column":12},"end":{"line":6,"column":40}},"type":"binary-expr","locations":[{"start":{"line":6,"column":12},"end":{"line":6,"column":22}},{"start":{"line":6,"column":26},"end":{"line":6,"column":40}}],"line":6},"2":{"loc":{"start":{"line":10,"column":8},"end":{"line":12,"column":9}},"type":"if","locations":[{"start":{"line":10,"column":8},"end":{"line":12,"column":9}},{"start":{"line":10,"column":8},"end":{"line":12,"column":9}}],"line":10},"3":{"loc":{"start":{"line":14,"column":8},"end":{"line":16,"column":9}},"type":"if","locations":[{"start":{"line":14,"column":8},"end":{"line":16,"column":9}},{"start":{"line":14,"column":8},"end":{"line":16,"column":9}}],"line":14}},"s":{"0":3,"1":0,"2":0,"3":0,"4":0,"5":0,"6":0,"7":0},"f":{"0":0},"b":{"0":[0,0],"1":[0,0],"2":[0,0],"3":[0,0]},"_coverageSchema":"332fd63041d2c1bcb487cc26dd0d5f7d97098a6c","hash":"1402cd6ec1b869bc2d0b91cfbb8e12144926d558"}
,"/Users/gfaraday/Desktop/workshop-final/Module11b/After/dev/components/characters/detail/characterDetails.jsx": {"path":"/Users/gfaraday/Desktop/workshop-final/Module11b/After/dev/components/characters/detail/characterDetails.jsx","statementMap":{"0":{"start":{"line":5,"column":20},"end":{"line":21,"column":1}},"1":{"start":{"line":6,"column":4},"end":{"line":6,"column":40}},"2":{"start":{"line":6,"column":28},"end":{"line":6,"column":40}},"3":{"start":{"line":8,"column":23},"end":{"line":14,"column":5}},"4":{"start":{"line":16,"column":4},"end":{"line":20,"column":5}},"5":{"start":{"line":18,"column":34},"end":{"line":18,"column":110}},"6":{"start":{"line":22,"column":29},"end":{"line":47,"column":1}},"7":{"start":{"line":23,"column":18},"end":{"line":23,"column":22}},"8":{"start":{"line":25,"column":4},"end":{"line":39,"column":5}},"9":{"start":{"line":26,"column":8},"end":{"line":26,"column":33}},"10":{"start":{"line":27,"column":11},"end":{"line":39,"column":5}},"11":{"start":{"line":28,"column":8},"end":{"line":28,"column":20}},"12":{"start":{"line":29,"column":11},"end":{"line":39,"column":5}},"13":{"start":{"line":30,"column":8},"end":{"line":30,"column":36}},"14":{"start":{"line":31,"column":11},"end":{"line":39,"column":5}},"15":{"start":{"line":32,"column":8},"end":{"line":32,"column":76}},"16":{"start":{"line":33,"column":11},"end":{"line":39,"column":5}},"17":{"start":{"line":34,"column":8},"end":{"line":34,"column":39}},"18":{"start":{"line":35,"column":11},"end":{"line":39,"column":5}},"19":{"start":{"line":36,"column":8},"end":{"line":36,"column":35}},"20":{"start":{"line":38,"column":8},"end":{"line":38,"column":30}},"21":{"start":{"line":41,"column":4},"end":{"line":46,"column":6}},"22":{"start":{"line":51,"column":8},"end":{"line":51,"column":34}},"23":{"start":{"line":55,"column":8},"end":{"line":57,"column":9}},"24":{"start":{"line":56,"column":11},"end":{"line":56,"column":30}},"25":{"start":{"line":59,"column":24},"end":{"line":59,"column":44}},"26":{"start":{"line":61,"column":8},"end":{"line":82,"column":10}}},"fnMap":{"0":{"name":"(anonymous_0)","decl":{"start":{"line":5,"column":20},"end":{"line":5,"column":21}},"loc":{"start":{"line":5,"column":31},"end":{"line":21,"column":1}},"line":5},"1":{"name":"(anonymous_1)","decl":{"start":{"line":18,"column":23},"end":{"line":18,"column":24}},"loc":{"start":{"line":18,"column":34},"end":{"line":18,"column":110}},"line":18},"2":{"name":"(anonymous_2)","decl":{"start":{"line":22,"column":29},"end":{"line":22,"column":30}},"loc":{"start":{"line":22,"column":40},"end":{"line":47,"column":1}},"line":22},"3":{"name":"(anonymous_3)","decl":{"start":{"line":50,"column":4},"end":{"line":50,"column":5}},"loc":{"start":{"line":50,"column":25},"end":{"line":52,"column":5}},"line":50},"4":{"name":"(anonymous_4)","decl":{"start":{"line":54,"column":4},"end":{"line":54,"column":5}},"loc":{"start":{"line":54,"column":14},"end":{"line":83,"column":5}},"line":54}},"branchMap":{"0":{"loc":{"start":{"line":6,"column":4},"end":{"line":6,"column":40}},"type":"if","locations":[{"start":{"line":6,"column":4},"end":{"line":6,"column":40}},{"start":{"line":6,"column":4},"end":{"line":6,"column":40}}],"line":6},"1":{"loc":{"start":{"line":25,"column":4},"end":{"line":39,"column":5}},"type":"if","locations":[{"start":{"line":25,"column":4},"end":{"line":39,"column":5}},{"start":{"line":25,"column":4},"end":{"line":39,"column":5}}],"line":25},"2":{"loc":{"start":{"line":27,"column":11},"end":{"line":39,"column":5}},"type":"if","locations":[{"start":{"line":27,"column":11},"end":{"line":39,"column":5}},{"start":{"line":27,"column":11},"end":{"line":39,"column":5}}],"line":27},"3":{"loc":{"start":{"line":29,"column":11},"end":{"line":39,"column":5}},"type":"if","locations":[{"start":{"line":29,"column":11},"end":{"line":39,"column":5}},{"start":{"line":29,"column":11},"end":{"line":39,"column":5}}],"line":29},"4":{"loc":{"start":{"line":31,"column":11},"end":{"line":39,"column":5}},"type":"if","locations":[{"start":{"line":31,"column":11},"end":{"line":39,"column":5}},{"start":{"line":31,"column":11},"end":{"line":39,"column":5}}],"line":31},"5":{"loc":{"start":{"line":31,"column":15},"end":{"line":31,"column":55}},"type":"binary-expr","locations":[{"start":{"line":31,"column":15},"end":{"line":31,"column":35}},{"start":{"line":31,"column":39},"end":{"line":31,"column":55}}],"line":31},"6":{"loc":{"start":{"line":33,"column":11},"end":{"line":39,"column":5}},"type":"if","locations":[{"start":{"line":33,"column":11},"end":{"line":39,"column":5}},{"start":{"line":33,"column":11},"end":{"line":39,"column":5}}],"line":33},"7":{"loc":{"start":{"line":35,"column":11},"end":{"line":39,"column":5}},"type":"if","locations":[{"start":{"line":35,"column":11},"end":{"line":39,"column":5}},{"start":{"line":35,"column":11},"end":{"line":39,"column":5}}],"line":35},"8":{"loc":{"start":{"line":44,"column":17},"end":{"line":44,"column":65}},"type":"binary-expr","locations":[{"start":{"line":44,"column":17},"end":{"line":44,"column":24}},{"start":{"line":44,"column":28},"end":{"line":44,"column":65}}],"line":44},"9":{"loc":{"start":{"line":55,"column":8},"end":{"line":57,"column":9}},"type":"if","locations":[{"start":{"line":55,"column":8},"end":{"line":57,"column":9}},{"start":{"line":55,"column":8},"end":{"line":57,"column":9}}],"line":55},"10":{"loc":{"start":{"line":63,"column":21},"end":{"line":63,"column":85}},"type":"cond-expr","locations":[{"start":{"line":63,"column":38},"end":{"line":63,"column":52}},{"start":{"line":63,"column":55},"end":{"line":63,"column":85}}],"line":63},"11":{"loc":{"start":{"line":80,"column":17},"end":{"line":80,"column":144}},"type":"cond-expr","locations":[{"start":{"line":80,"column":34},"end":{"line":80,"column":36}},{"start":{"line":80,"column":39},"end":{"line":80,"column":144}}],"line":80}},"s":{"0":3,"1":0,"2":0,"3":0,"4":0,"5":0,"6":3,"7":0,"8":0,"9":0,"10":0,"11":0,"12":0,"13":0,"14":0,"15":0,"16":0,"17":0,"18":0,"19":0,"20":0,"21":0,"22":0,"23":4,"24":0,"25":4,"26":4},"f":{"0":0,"1":0,"2":0,"3":0,"4":4},"b":{"0":[0,0],"1":[0,0],"2":[0,0],"3":[0,0],"4":[0,0],"5":[0,0],"6":[0,0],"7":[0,0],"8":[0,0],"9":[0,4],"10":[4,0],"11":[4,0]},"_coverageSchema":"332fd63041d2c1bcb487cc26dd0d5f7d97098a6c","hash":"db9cc7b21f1a80dffb01b3176127f65808e8ee23"}
,"/Users/gfaraday/Desktop/workshop-final/Module11b/After/dev/components/characters/list/characterTable.jsx": {"path":"/Users/gfaraday/Desktop/workshop-final/Module11b/After/dev/components/characters/list/characterTable.jsx","statementMap":{"0":{"start":{"line":7,"column":4},"end":{"line":26,"column":5}},"1":{"start":{"line":9,"column":23},"end":{"line":9,"column":48}},"2":{"start":{"line":10,"column":25},"end":{"line":13,"column":21}},"3":{"start":{"line":11,"column":12},"end":{"line":13,"column":21}},"4":{"start":{"line":11,"column":35},"end":{"line":11,"column":86}},"5":{"start":{"line":14,"column":22},"end":{"line":14,"column":24}},"6":{"start":{"line":15,"column":8},"end":{"line":15,"column":94}},"7":{"start":{"line":15,"column":36},"end":{"line":15,"column":94}},"8":{"start":{"line":16,"column":8},"end":{"line":16,"column":95}},"9":{"start":{"line":16,"column":35},"end":{"line":16,"column":95}},"10":{"start":{"line":17,"column":8},"end":{"line":17,"column":91}},"11":{"start":{"line":17,"column":35},"end":{"line":17,"column":91}},"12":{"start":{"line":18,"column":8},"end":{"line":18,"column":91}},"13":{"start":{"line":18,"column":35},"end":{"line":18,"column":91}},"14":{"start":{"line":20,"column":8},"end":{"line":25,"column":10}},"15":{"start":{"line":29,"column":4},"end":{"line":47,"column":13}},"16":{"start":{"line":30,"column":8},"end":{"line":47,"column":13}},"17":{"start":{"line":50,"column":4},"end":{"line":53,"column":13}},"18":{"start":{"line":51,"column":8},"end":{"line":53,"column":13}},"19":{"start":{"line":56,"column":4},"end":{"line":61,"column":16}},"20":{"start":{"line":57,"column":8},"end":{"line":61,"column":16}},"21":{"start":{"line":65,"column":8},"end":{"line":65,"column":80}},"22":{"start":{"line":69,"column":8},"end":{"line":71,"column":9}},"23":{"start":{"line":70,"column":12},"end":{"line":70,"column":31}},"24":{"start":{"line":73,"column":8},"end":{"line":103,"column":10}}},"fnMap":{"0":{"name":"(anonymous_0)","decl":{"start":{"line":7,"column":4},"end":{"line":7,"column":5}},"loc":{"start":{"line":8,"column":4},"end":{"line":26,"column":5}},"line":8},"1":{"name":"(anonymous_1)","decl":{"start":{"line":10,"column":25},"end":{"line":10,"column":26}},"loc":{"start":{"line":11,"column":12},"end":{"line":13,"column":21}},"line":11},"2":{"name":"(anonymous_2)","decl":{"start":{"line":11,"column":29},"end":{"line":11,"column":30}},"loc":{"start":{"line":11,"column":35},"end":{"line":11,"column":86}},"line":11},"3":{"name":"(anonymous_3)","decl":{"start":{"line":29,"column":4},"end":{"line":29,"column":5}},"loc":{"start":{"line":30,"column":8},"end":{"line":47,"column":13}},"line":30},"4":{"name":"(anonymous_4)","decl":{"start":{"line":50,"column":4},"end":{"line":50,"column":5}},"loc":{"start":{"line":51,"column":8},"end":{"line":53,"column":13}},"line":51},"5":{"name":"(anonymous_5)","decl":{"start":{"line":56,"column":4},"end":{"line":56,"column":5}},"loc":{"start":{"line":57,"column":8},"end":{"line":61,"column":16}},"line":57},"6":{"name":"(anonymous_6)","decl":{"start":{"line":64,"column":4},"end":{"line":64,"column":5}},"loc":{"start":{"line":64,"column":24},"end":{"line":66,"column":5}},"line":64},"7":{"name":"(anonymous_7)","decl":{"start":{"line":68,"column":4},"end":{"line":68,"column":5}},"loc":{"start":{"line":68,"column":14},"end":{"line":104,"column":5}},"line":68}},"branchMap":{"0":{"loc":{"start":{"line":15,"column":8},"end":{"line":15,"column":94}},"type":"if","locations":[{"start":{"line":15,"column":8},"end":{"line":15,"column":94}},{"start":{"line":15,"column":8},"end":{"line":15,"column":94}}],"line":15},"1":{"loc":{"start":{"line":16,"column":8},"end":{"line":16,"column":95}},"type":"if","locations":[{"start":{"line":16,"column":8},"end":{"line":16,"column":95}},{"start":{"line":16,"column":8},"end":{"line":16,"column":95}}],"line":16},"2":{"loc":{"start":{"line":17,"column":8},"end":{"line":17,"column":91}},"type":"if","locations":[{"start":{"line":17,"column":8},"end":{"line":17,"column":91}},{"start":{"line":17,"column":8},"end":{"line":17,"column":91}}],"line":17},"3":{"loc":{"start":{"line":18,"column":8},"end":{"line":18,"column":91}},"type":"if","locations":[{"start":{"line":18,"column":8},"end":{"line":18,"column":91}},{"start":{"line":18,"column":8},"end":{"line":18,"column":91}}],"line":18},"4":{"loc":{"start":{"line":33,"column":22},"end":{"line":33,"column":73}},"type":"cond-expr","locations":[{"start":{"line":33,"column":35},"end":{"line":33,"column":45}},{"start":{"line":33,"column":48},"end":{"line":33,"column":73}}],"line":33},"5":{"loc":{"start":{"line":58,"column":9},"end":{"line":60,"column":48}},"type":"cond-expr","locations":[{"start":{"line":59,"column":14},"end":{"line":59,"column":42}},{"start":{"line":60,"column":14},"end":{"line":60,"column":48}}],"line":58},"6":{"loc":{"start":{"line":69,"column":8},"end":{"line":71,"column":9}},"type":"if","locations":[{"start":{"line":69,"column":8},"end":{"line":71,"column":9}},{"start":{"line":69,"column":8},"end":{"line":71,"column":9}}],"line":69}},"s":{"0":2,"1":0,"2":0,"3":0,"4":0,"5":0,"6":0,"7":0,"8":0,"9":0,"10":0,"11":0,"12":0,"13":0,"14":0,"15":2,"16":0,"17":2,"18":0,"19":2,"20":0,"21":0,"22":0,"23":0,"24":0},"f":{"0":0,"1":0,"2":0,"3":0,"4":0,"5":0,"6":0,"7":0},"b":{"0":[0,0],"1":[0,0],"2":[0,0],"3":[0,0],"4":[0,0],"5":[0,0],"6":[0,0]},"_coverageSchema":"332fd63041d2c1bcb487cc26dd0d5f7d97098a6c","hash":"08c4eccdfc836255eb08a2fef4e74dbc0af772d4"}
,"/Users/gfaraday/Desktop/workshop-final/Module11b/After/dev/components/home/home.jsx": {"path":"/Users/gfaraday/Desktop/workshop-final/Module11b/After/dev/components/home/home.jsx","statementMap":{"0":{"start":{"line":5,"column":8},"end":{"line":7,"column":10}}},"fnMap":{"0":{"name":"(anonymous_0)","decl":{"start":{"line":4,"column":4},"end":{"line":4,"column":5}},"loc":{"start":{"line":4,"column":14},"end":{"line":8,"column":5}},"line":4}},"branchMap":{},"s":{"0":0},"f":{"0":0},"b":{},"_coverageSchema":"332fd63041d2c1bcb487cc26dd0d5f7d97098a6c","hash":"ce0366340e74417ace41f5cd483caaa622b6e9aa"}
,"/Users/gfaraday/Desktop/workshop-final/Module11b/After/dev/components/shared/errorMessage.jsx": {"path":"/Users/gfaraday/Desktop/workshop-final/Module11b/After/dev/components/shared/errorMessage.jsx","statementMap":{"0":{"start":{"line":3,"column":21},"end":{"line":9,"column":11}},"1":{"start":{"line":4,"column":4},"end":{"line":9,"column":10}}},"fnMap":{"0":{"name":"(anonymous_0)","decl":{"start":{"line":3,"column":21},"end":{"line":3,"column":22}},"loc":{"start":{"line":4,"column":4},"end":{"line":9,"column":10}},"line":4}},"branchMap":{"0":{"loc":{"start":{"line":4,"column":4},"end":{"line":9,"column":10}},"type":"cond-expr","locations":[{"start":{"line":5,"column":6},"end":{"line":8,"column":12}},{"start":{"line":9,"column":6},"end":{"line":9,"column":10}}],"line":4}},"s":{"0":2,"1":0},"f":{"0":0},"b":{"0":[0,0]},"_coverageSchema":"332fd63041d2c1bcb487cc26dd0d5f7d97098a6c","hash":"27dd5190f1b8ea312133bbef36f652b109e79ad0"}
,"/Users/gfaraday/Desktop/workshop-final/Module11b/After/dev/components/shared/loading.jsx": {"path":"/Users/gfaraday/Desktop/workshop-final/Module11b/After/dev/components/shared/loading.jsx","statementMap":{"0":{"start":{"line":3,"column":16},"end":{"line":9,"column":11}},"1":{"start":{"line":4,"column":4},"end":{"line":9,"column":10}}},"fnMap":{"0":{"name":"(anonymous_0)","decl":{"start":{"line":3,"column":16},"end":{"line":3,"column":17}},"loc":{"start":{"line":4,"column":4},"end":{"line":9,"column":10}},"line":4}},"branchMap":{},"s":{"0":3,"1":0},"f":{"0":0},"b":{},"_coverageSchema":"332fd63041d2c1bcb487cc26dd0d5f7d97098a6c","hash":"f95dc8bdc14b51e2373768a40d26edc0b526e26d"}
,"/Users/gfaraday/Desktop/workshop-final/Module11b/After/dev/containers/appContainer.jsx": {"path":"/Users/gfaraday/Desktop/workshop-final/Module11b/After/dev/containers/appContainer.jsx","statementMap":{"0":{"start":{"line":12,"column":8},"end":{"line":12,"column":21}},"1":{"start":{"line":14,"column":8},"end":{"line":14,"column":30}},"2":{"start":{"line":18,"column":8},"end":{"line":41,"column":9}},"3":{"start":{"line":19,"column":12},"end":{"line":38,"column":33}},"4":{"start":{"line":40,"column":12},"end":{"line":40,"column":30}},"5":{"start":{"line":46,"column":4},"end":{"line":48,"column":6}},"6":{"start":{"line":46,"column":14},"end":{"line":48,"column":5}},"7":{"start":{"line":50,"column":21},"end":{"line":50,"column":69}}},"fnMap":{"0":{"name":"(anonymous_0)","decl":{"start":{"line":11,"column":4},"end":{"line":11,"column":5}},"loc":{"start":{"line":11,"column":24},"end":{"line":15,"column":5}},"line":11},"1":{"name":"(anonymous_1)","decl":{"start":{"line":17,"column":4},"end":{"line":17,"column":5}},"loc":{"start":{"line":17,"column":14},"end":{"line":42,"column":5}},"line":17},"2":{"name":"(anonymous_2)","decl":{"start":{"line":46,"column":4},"end":{"line":46,"column":5}},"loc":{"start":{"line":46,"column":14},"end":{"line":48,"column":5}},"line":46}},"branchMap":{"0":{"loc":{"start":{"line":18,"column":8},"end":{"line":41,"column":9}},"type":"if","locations":[{"start":{"line":18,"column":8},"end":{"line":41,"column":9}},{"start":{"line":18,"column":8},"end":{"line":41,"column":9}}],"line":18}},"s":{"0":0,"1":0,"2":0,"3":0,"4":0,"5":1,"6":0,"7":1},"f":{"0":0,"1":0,"2":0},"b":{"0":[0,0]},"_coverageSchema":"332fd63041d2c1bcb487cc26dd0d5f7d97098a6c","hash":"8f17142f534e54c6a0513e571e0b23a7ddf7ec13"}
,"/Users/gfaraday/Desktop/workshop-final/Module11b/After/dev/containers/characters/characterHome.jsx": {"path":"/Users/gfaraday/Desktop/workshop-final/Module11b/After/dev/containers/characters/characterHome.jsx","statementMap":{"0":{"start":{"line":11,"column":8},"end":{"line":11,"column":21}},"1":{"start":{"line":13,"column":8},"end":{"line":13,"column":47}},"2":{"start":{"line":14,"column":8},"end":{"line":14,"column":57}},"3":{"start":{"line":15,"column":8},"end":{"line":15,"column":61}},"4":{"start":{"line":19,"column":8},"end":{"line":19,"column":45}},"5":{"start":{"line":23,"column":8},"end":{"line":23,"column":63}},"6":{"start":{"line":27,"column":8},"end":{"line":27,"column":32}},"7":{"start":{"line":27,"column":25},"end":{"line":27,"column":32}},"8":{"start":{"line":29,"column":8},"end":{"line":29,"column":53}},"9":{"start":{"line":33,"column":8},"end":{"line":52,"column":20}},"10":{"start":{"line":38,"column":24},"end":{"line":41,"column":46}},"11":{"start":{"line":45,"column":24},"end":{"line":48,"column":46}},"12":{"start":{"line":46,"column":48},"end":{"line":46,"column":102}},"13":{"start":{"line":57,"column":4},"end":{"line":63,"column":6}},"14":{"start":{"line":57,"column":14},"end":{"line":63,"column":5}}},"fnMap":{"0":{"name":"(anonymous_0)","decl":{"start":{"line":10,"column":4},"end":{"line":10,"column":5}},"loc":{"start":{"line":10,"column":24},"end":{"line":16,"column":5}},"line":10},"1":{"name":"(anonymous_1)","decl":{"start":{"line":18,"column":4},"end":{"line":18,"column":5}},"loc":{"start":{"line":18,"column":23},"end":{"line":20,"column":5}},"line":18},"2":{"name":"(anonymous_2)","decl":{"start":{"line":22,"column":4},"end":{"line":22,"column":5}},"loc":{"start":{"line":22,"column":27},"end":{"line":24,"column":5}},"line":22},"3":{"name":"(anonymous_3)","decl":{"start":{"line":26,"column":4},"end":{"line":26,"column":5}},"loc":{"start":{"line":26,"column":31},"end":{"line":30,"column":5}},"line":26},"4":{"name":"(anonymous_4)","decl":{"start":{"line":32,"column":4},"end":{"line":32,"column":5}},"loc":{"start":{"line":32,"column":14},"end":{"line":53,"column":5}},"line":32},"5":{"name":"(anonymous_5)","decl":{"start":{"line":37,"column":69},"end":{"line":37,"column":70}},"loc":{"start":{"line":38,"column":24},"end":{"line":41,"column":46}},"line":38},"6":{"name":"(anonymous_6)","decl":{"start":{"line":44,"column":72},"end":{"line":44,"column":73}},"loc":{"start":{"line":45,"column":24},"end":{"line":48,"column":46}},"line":45},"7":{"name":"(anonymous_7)","decl":{"start":{"line":46,"column":42},"end":{"line":46,"column":43}},"loc":{"start":{"line":46,"column":48},"end":{"line":46,"column":102}},"line":46},"8":{"name":"(anonymous_8)","decl":{"start":{"line":57,"column":4},"end":{"line":57,"column":5}},"loc":{"start":{"line":57,"column":14},"end":{"line":63,"column":5}},"line":57}},"branchMap":{"0":{"loc":{"start":{"line":27,"column":8},"end":{"line":27,"column":32}},"type":"if","locations":[{"start":{"line":27,"column":8},"end":{"line":27,"column":32}},{"start":{"line":27,"column":8},"end":{"line":27,"column":32}}],"line":27}},"s":{"0":0,"1":0,"2":0,"3":0,"4":0,"5":0,"6":0,"7":0,"8":0,"9":0,"10":0,"11":0,"12":0,"13":2,"14":0},"f":{"0":0,"1":0,"2":0,"3":0,"4":0,"5":0,"6":0,"7":0,"8":0},"b":{"0":[0,0]},"_coverageSchema":"332fd63041d2c1bcb487cc26dd0d5f7d97098a6c","hash":"c24b2f682f8dbac94619dd8adcc5073b37ebe29c"}
,"/Users/gfaraday/Desktop/workshop-final/Module11b/After/dev/reducers/app.js": {"path":"/Users/gfaraday/Desktop/workshop-final/Module11b/After/dev/reducers/app.js","statementMap":{"0":{"start":{"line":3,"column":22},"end":{"line":5,"column":1}},"1":{"start":{"line":8,"column":4},"end":{"line":20,"column":5}},"2":{"start":{"line":10,"column":12},"end":{"line":13,"column":14}},"3":{"start":{"line":16,"column":12},"end":{"line":19,"column":14}},"4":{"start":{"line":22,"column":4},"end":{"line":22,"column":17}}},"fnMap":{"0":{"name":"(anonymous_0)","decl":{"start":{"line":7,"column":15},"end":{"line":7,"column":16}},"loc":{"start":{"line":7,"column":56},"end":{"line":23,"column":1}},"line":7}},"branchMap":{"0":{"loc":{"start":{"line":7,"column":25},"end":{"line":7,"column":46}},"type":"default-arg","locations":[{"start":{"line":7,"column":33},"end":{"line":7,"column":46}}],"line":7},"1":{"loc":{"start":{"line":8,"column":4},"end":{"line":20,"column":5}},"type":"switch","locations":[{"start":{"line":9,"column":8},"end":{"line":13,"column":14}},{"start":{"line":15,"column":8},"end":{"line":19,"column":14}}],"line":8}},"s":{"0":1,"1":3,"2":0,"3":0,"4":3},"f":{"0":3},"b":{"0":[3],"1":[0,0]},"_coverageSchema":"332fd63041d2c1bcb487cc26dd0d5f7d97098a6c","hash":"865dfc78e0b024521a6edbf247b99deef9b40062"}
,"/Users/gfaraday/Desktop/workshop-final/Module11b/After/dev/reducers/characters.js": {"path":"/Users/gfaraday/Desktop/workshop-final/Module11b/After/dev/reducers/characters.js","statementMap":{"0":{"start":{"line":8,"column":29},"end":{"line":24,"column":1}},"1":{"start":{"line":27,"column":4},"end":{"line":130,"column":5}},"2":{"start":{"line":29,"column":12},"end":{"line":33,"column":14}},"3":{"start":{"line":36,"column":12},"end":{"line":53,"column":15}},"4":{"start":{"line":56,"column":12},"end":{"line":61,"column":14}},"5":{"start":{"line":64,"column":12},"end":{"line":73,"column":14}},"6":{"start":{"line":76,"column":12},"end":{"line":82,"column":14}},"7":{"start":{"line":85,"column":12},"end":{"line":90,"column":14}},"8":{"start":{"line":93,"column":12},"end":{"line":96,"column":14}},"9":{"start":{"line":99,"column":12},"end":{"line":102,"column":14}},"10":{"start":{"line":105,"column":12},"end":{"line":110,"column":13}},"11":{"start":{"line":113,"column":12},"end":{"line":116,"column":14}},"12":{"start":{"line":119,"column":12},"end":{"line":122,"column":14}},"13":{"start":{"line":125,"column":12},"end":{"line":129,"column":13}},"14":{"start":{"line":132,"column":4},"end":{"line":132,"column":17}}},"fnMap":{"0":{"name":"(anonymous_0)","decl":{"start":{"line":26,"column":15},"end":{"line":26,"column":16}},"loc":{"start":{"line":26,"column":56},"end":{"line":133,"column":1}},"line":26}},"branchMap":{"0":{"loc":{"start":{"line":26,"column":25},"end":{"line":26,"column":46}},"type":"default-arg","locations":[{"start":{"line":26,"column":33},"end":{"line":26,"column":46}}],"line":26},"1":{"loc":{"start":{"line":27,"column":4},"end":{"line":130,"column":5}},"type":"switch","locations":[{"start":{"line":28,"column":8},"end":{"line":33,"column":14}},{"start":{"line":35,"column":8},"end":{"line":53,"column":15}},{"start":{"line":55,"column":8},"end":{"line":61,"column":14}},{"start":{"line":63,"column":8},"end":{"line":73,"column":14}},{"start":{"line":75,"column":8},"end":{"line":82,"column":14}},{"start":{"line":84,"column":8},"end":{"line":90,"column":14}},{"start":{"line":92,"column":8},"end":{"line":96,"column":14}},{"start":{"line":98,"column":8},"end":{"line":102,"column":14}},{"start":{"line":104,"column":8},"end":{"line":110,"column":13}},{"start":{"line":112,"column":8},"end":{"line":116,"column":14}},{"start":{"line":118,"column":8},"end":{"line":122,"column":14}},{"start":{"line":124,"column":8},"end":{"line":129,"column":13}}],"line":27}},"s":{"0":2,"1":4,"2":0,"3":0,"4":0,"5":0,"6":0,"7":0,"8":0,"9":0,"10":0,"11":0,"12":0,"13":0,"14":4},"f":{"0":4},"b":{"0":[4],"1":[0,0,0,0,0,0,0,0,0,0,0,0]},"_coverageSchema":"332fd63041d2c1bcb487cc26dd0d5f7d97098a6c","hash":"25b2f4b9d5e43c7deea3674b16523a9d46e9c3ae"}
}
