TN:
SF:/Users/gfaraday/Desktop/workshop-final/Module11b/After/dev/IceAndFireRepository.js
FN:9,getRandomInt
FN:15,range
FN:16,(anonymous_2)
FN:19,maxBy
FN:22,(anonymous_4)
FN:28,simulateNetworkRequest
FN:29,(anonymous_6)
FN:31,(anonymous_7)
FN:37,getPage
FN:49,serializeToLocalStorage
FN:54,loadData
FN:58,(anonymous_11)
FN:63,(anonymous_12)
FN:72,(anonymous_13)
FN:80,(anonymous_14)
FN:85,(anonymous_15)
FN:91,(anonymous_16)
FN:95,(anonymous_17)
FN:98,(anonymous_18)
FN:111,loadCharacterData
FN:112,parseDate
FN:118,(anonymous_21)
FN:147,extractIdFromUrl
FN:153,munge
FN:160,(anonymous_24)
FN:167,(anonymous_25)
FN:168,(anonymous_26)
FN:174,(anonymous_27)
FN:178,query
FN:182,(anonymous_29)
FN:209,queryAsync
FN:210,(anonymous_31)
FN:213,store
FN:215,(anonymous_33)
FN:222,(anonymous_34)
FN:225,storeAsync
FN:226,(anonymous_36)
FN:229,remove
FN:230,(anonymous_38)
FN:233,removeAsync
FN:234,(anonymous_40)
FN:238,(anonymous_41)
FN:240,(anonymous_42)
FN:241,(anonymous_43)
FN:243,(anonymous_44)
FN:247,(anonymous_45)
FN:249,(anonymous_46)
FNF:47
FNH:0
FNDA:0,getRandomInt
FNDA:0,range
FNDA:0,(anonymous_2)
FNDA:0,maxBy
FNDA:0,(anonymous_4)
FNDA:0,simulateNetworkRequest
FNDA:0,(anonymous_6)
FNDA:0,(anonymous_7)
FNDA:0,getPage
FNDA:0,serializeToLocalStorage
FNDA:0,loadData
FNDA:0,(anonymous_11)
FNDA:0,(anonymous_12)
FNDA:0,(anonymous_13)
FNDA:0,(anonymous_14)
FNDA:0,(anonymous_15)
FNDA:0,(anonymous_16)
FNDA:0,(anonymous_17)
FNDA:0,(anonymous_18)
FNDA:0,loadCharacterData
FNDA:0,parseDate
FNDA:0,(anonymous_21)
FNDA:0,extractIdFromUrl
FNDA:0,munge
FNDA:0,(anonymous_24)
FNDA:0,(anonymous_25)
FNDA:0,(anonymous_26)
FNDA:0,(anonymous_27)
FNDA:0,query
FNDA:0,(anonymous_29)
FNDA:0,queryAsync
FNDA:0,(anonymous_31)
FNDA:0,store
FNDA:0,(anonymous_33)
FNDA:0,(anonymous_34)
FNDA:0,storeAsync
FNDA:0,(anonymous_36)
FNDA:0,remove
FNDA:0,(anonymous_38)
FNDA:0,removeAsync
FNDA:0,(anonymous_40)
FNDA:0,(anonymous_41)
FNDA:0,(anonymous_42)
FNDA:0,(anonymous_43)
FNDA:0,(anonymous_44)
FNDA:0,(anonymous_45)
FNDA:0,(anonymous_46)
DA:4,3
DA:5,3
DA:7,3
DA:10,0
DA:11,0
DA:12,0
DA:16,0
DA:20,0
DA:22,0
DA:29,0
DA:30,0
DA:31,0
DA:38,0
DA:40,0
DA:50,0
DA:51,0
DA:55,0
DA:57,0
DA:58,0
DA:61,0
DA:65,0
DA:68,0
DA:73,0
DA:74,0
DA:75,0
DA:79,0
DA:80,0
DA:84,0
DA:85,0
DA:87,0
DA:93,0
DA:95,0
DA:100,0
DA:101,0
DA:102,0
DA:105,0
DA:113,0
DA:118,0
DA:119,0
DA:120,0
DA:126,0
DA:127,0
DA:133,0
DA:134,0
DA:141,0
DA:148,0
DA:149,0
DA:150,0
DA:154,0
DA:155,0
DA:157,0
DA:160,0
DA:167,0
DA:168,0
DA:172,0
DA:174,0
DA:179,0
DA:180,0
DA:181,0
DA:182,0
DA:183,0
DA:184,0
DA:185,0
DA:187,0
DA:189,0
DA:191,0
DA:192,0
DA:193,0
DA:195,0
DA:210,0
DA:214,0
DA:215,0
DA:216,0
DA:217,0
DA:219,0
DA:222,0
DA:226,0
DA:230,0
DA:234,0
DA:237,3
DA:238,0
DA:240,0
DA:242,0
DA:244,0
DA:245,0
DA:248,0
DA:250,0
DA:251,0
LF:88
LH:4
BRDA:57,0,0,0
BRDA:57,0,1,0
BRDA:100,1,0,0
BRDA:100,1,1,0
BRDA:101,2,0,0
BRDA:101,2,1,0
BRDA:113,3,0,0
BRDA:113,3,1,0
BRDA:119,4,0,0
BRDA:119,4,1,0
BRDA:126,5,0,0
BRDA:126,5,1,0
BRDA:133,6,0,0
BRDA:133,6,1,0
BRDA:179,7,0,0
BRDA:179,7,1,0
BRDA:181,8,0,0
BRDA:181,8,1,0
BRDA:183,9,0,0
BRDA:183,9,1,0
BRDA:185,10,0,0
BRDA:185,10,1,0
BRDA:187,11,0,0
BRDA:187,11,1,0
BRDA:189,12,0,0
BRDA:189,12,1,0
BRDA:199,13,0,0
BRDA:199,13,1,0
BRDA:200,14,0,0
BRDA:200,14,1,0
BRDA:214,15,0,0
BRDA:214,15,1,0
BRDA:222,16,0,0
BRDA:222,16,1,0
BRF:34
BRH:0
end_of_record
TN:
SF:/Users/gfaraday/Desktop/workshop-final/Module11b/After/dev/reducers.js
FNF:0
FNH:0
DA:5,1
LF:1
LH:1
BRF:0
BRH:0
end_of_record
TN:
SF:/Users/gfaraday/Desktop/workshop-final/Module11b/After/dev/store.js
FNF:0
FNH:0
DA:7,1
LF:1
LH:1
BRF:0
BRH:0
end_of_record
TN:
SF:/Users/gfaraday/Desktop/workshop-final/Module11b/After/dev/actions/app.js
FN:9,(anonymous_0)
FN:12,(anonymous_1)
FN:15,(anonymous_2)
FN:16,(anonymous_3)
FN:21,(anonymous_4)
FNF:5
FNH:0
FNDA:0,(anonymous_0)
FNDA:0,(anonymous_1)
FNDA:0,(anonymous_2)
FNDA:0,(anonymous_3)
FNDA:0,(anonymous_4)
DA:3,1
DA:9,1
DA:12,1
DA:15,1
DA:16,0
DA:17,0
DA:18,0
DA:21,0
LF:8
LH:4
BRF:0
BRH:0
end_of_record
TN:
SF:/Users/gfaraday/Desktop/workshop-final/Module11b/After/dev/actions/characters.js
FN:12,(anonymous_0)
FN:15,(anonymous_1)
FN:22,(anonymous_2)
FN:28,(anonymous_3)
FN:29,(anonymous_4)
FN:35,(anonymous_5)
FN:36,(anonymous_6)
FN:42,(anonymous_7)
FN:45,(anonymous_8)
FN:51,(anonymous_9)
FN:57,(anonymous_10)
FN:58,(anonymous_11)
FN:64,(anonymous_12)
FN:68,(anonymous_13)
FN:74,(anonymous_14)
FN:77,(anonymous_15)
FN:83,(anonymous_16)
FN:89,(anonymous_17)
FN:90,(anonymous_18)
FN:96,(anonymous_19)
FN:97,(anonymous_20)
FN:103,(anonymous_21)
FN:106,(anonymous_22)
FN:112,(anonymous_23)
FN:118,(anonymous_24)
FN:119,(anonymous_25)
FN:125,(anonymous_26)
FN:126,(anonymous_27)
FNF:28
FNH:1
FNDA:1,(anonymous_0)
FNDA:0,(anonymous_1)
FNDA:0,(anonymous_2)
FNDA:0,(anonymous_3)
FNDA:0,(anonymous_4)
FNDA:0,(anonymous_5)
FNDA:0,(anonymous_6)
FNDA:0,(anonymous_7)
FNDA:0,(anonymous_8)
FNDA:0,(anonymous_9)
FNDA:0,(anonymous_10)
FNDA:0,(anonymous_11)
FNDA:0,(anonymous_12)
FNDA:0,(anonymous_13)
FNDA:0,(anonymous_14)
FNDA:0,(anonymous_15)
FNDA:0,(anonymous_16)
FNDA:0,(anonymous_17)
FNDA:0,(anonymous_18)
FNDA:0,(anonymous_19)
FNDA:0,(anonymous_20)
FNDA:0,(anonymous_21)
FNDA:0,(anonymous_22)
FNDA:0,(anonymous_23)
FNDA:0,(anonymous_24)
FNDA:0,(anonymous_25)
FNDA:0,(anonymous_26)
FNDA:0,(anonymous_27)
DA:5,3
DA:6,3
DA:7,3
DA:8,3
DA:12,3
DA:15,3
DA:22,3
DA:28,3
DA:29,0
DA:30,0
DA:31,0
DA:35,0
DA:36,0
DA:42,3
DA:45,3
DA:51,3
DA:57,3
DA:58,0
DA:59,0
DA:60,0
DA:65,0
DA:66,0
DA:68,0
DA:74,3
DA:77,3
DA:83,3
DA:89,3
DA:90,0
DA:91,0
DA:92,0
DA:96,0
DA:97,0
DA:103,3
DA:106,3
DA:112,3
DA:118,3
DA:119,0
DA:120,0
DA:121,0
DA:125,0
DA:126,0
LF:41
LH:20
BRF:0
BRH:0
end_of_record
TN:
SF:/Users/gfaraday/Desktop/workshop-final/Module11b/After/dev/actions/helper.js
FN:1,createRequestTypes
FN:5,(anonymous_1)
FNF:2
FNH:2
FNDA:13,createRequestTypes
FNDA:39,(anonymous_1)
DA:2,13
DA:5,39
LF:2
LH:2
BRF:0
BRH:0
end_of_record
TN:
SF:/Users/gfaraday/Desktop/workshop-final/Module11b/After/dev/components/characters/lifeEventField.jsx
FN:4,(anonymous_0)
FNF:1
FNH:0
FNDA:0,(anonymous_0)
DA:4,3
DA:6,0
DA:7,0
DA:10,0
DA:11,0
DA:14,0
DA:15,0
DA:18,0
LF:8
LH:1
BRDA:6,0,0,0
BRDA:6,0,1,0
BRDA:6,1,0,0
BRDA:6,1,1,0
BRDA:10,2,0,0
BRDA:10,2,1,0
BRDA:14,3,0,0
BRDA:14,3,1,0
BRF:8
BRH:0
end_of_record
TN:
SF:/Users/gfaraday/Desktop/workshop-final/Module11b/After/dev/components/characters/detail/characterDetails.jsx
FN:5,(anonymous_0)
FN:18,(anonymous_1)
FN:22,(anonymous_2)
FN:50,(anonymous_3)
FN:54,(anonymous_4)
FNF:5
FNH:1
FNDA:0,(anonymous_0)
FNDA:0,(anonymous_1)
FNDA:0,(anonymous_2)
FNDA:0,(anonymous_3)
FNDA:4,(anonymous_4)
DA:5,3
DA:6,0
DA:8,0
DA:16,0
DA:18,0
DA:22,3
DA:23,0
DA:25,0
DA:26,0
DA:27,0
DA:28,0
DA:29,0
DA:30,0
DA:31,0
DA:32,0
DA:33,0
DA:34,0
DA:35,0
DA:36,0
DA:38,0
DA:41,0
DA:51,0
DA:55,4
DA:56,0
DA:59,4
DA:61,4
LF:26
LH:5
BRDA:6,0,0,0
BRDA:6,0,1,0
BRDA:25,1,0,0
BRDA:25,1,1,0
BRDA:27,2,0,0
BRDA:27,2,1,0
BRDA:29,3,0,0
BRDA:29,3,1,0
BRDA:31,4,0,0
BRDA:31,4,1,0
BRDA:31,5,0,0
BRDA:31,5,1,0
BRDA:33,6,0,0
BRDA:33,6,1,0
BRDA:35,7,0,0
BRDA:35,7,1,0
BRDA:44,8,0,0
BRDA:44,8,1,0
BRDA:55,9,0,0
BRDA:55,9,1,4
BRDA:63,10,0,4
BRDA:63,10,1,0
BRDA:80,11,0,4
BRDA:80,11,1,0
BRF:24
BRH:3
end_of_record
TN:
SF:/Users/gfaraday/Desktop/workshop-final/Module11b/After/dev/components/characters/list/characterTable.jsx
FN:7,(anonymous_0)
FN:10,(anonymous_1)
FN:11,(anonymous_2)
FN:29,(anonymous_3)
FN:50,(anonymous_4)
FN:56,(anonymous_5)
FN:64,(anonymous_6)
FN:68,(anonymous_7)
FNF:8
FNH:0
FNDA:0,(anonymous_0)
FNDA:0,(anonymous_1)
FNDA:0,(anonymous_2)
FNDA:0,(anonymous_3)
FNDA:0,(anonymous_4)
FNDA:0,(anonymous_5)
FNDA:0,(anonymous_6)
FNDA:0,(anonymous_7)
DA:7,2
DA:9,0
DA:10,0
DA:11,0
DA:14,0
DA:15,0
DA:16,0
DA:17,0
DA:18,0
DA:20,0
DA:29,2
DA:30,0
DA:50,2
DA:51,0
DA:56,2
DA:57,0
DA:65,0
DA:69,0
DA:70,0
DA:73,0
LF:20
LH:4
BRDA:15,0,0,0
BRDA:15,0,1,0
BRDA:16,1,0,0
BRDA:16,1,1,0
BRDA:17,2,0,0
BRDA:17,2,1,0
BRDA:18,3,0,0
BRDA:18,3,1,0
BRDA:33,4,0,0
BRDA:33,4,1,0
BRDA:58,5,0,0
BRDA:58,5,1,0
BRDA:69,6,0,0
BRDA:69,6,1,0
BRF:14
BRH:0
end_of_record
TN:
SF:/Users/gfaraday/Desktop/workshop-final/Module11b/After/dev/components/home/home.jsx
FN:4,(anonymous_0)
FNF:1
FNH:0
FNDA:0,(anonymous_0)
DA:5,0
LF:1
LH:0
BRF:0
BRH:0
end_of_record
TN:
SF:/Users/gfaraday/Desktop/workshop-final/Module11b/After/dev/components/shared/errorMessage.jsx
FN:3,(anonymous_0)
FNF:1
FNH:0
FNDA:0,(anonymous_0)
DA:3,2
DA:4,0
LF:2
LH:1
BRDA:4,0,0,0
BRDA:4,0,1,0
BRF:2
BRH:0
end_of_record
TN:
SF:/Users/gfaraday/Desktop/workshop-final/Module11b/After/dev/components/shared/loading.jsx
FN:3,(anonymous_0)
FNF:1
FNH:0
FNDA:0,(anonymous_0)
DA:3,3
DA:4,0
LF:2
LH:1
BRF:0
BRH:0
end_of_record
TN:
SF:/Users/gfaraday/Desktop/workshop-final/Module11b/After/dev/containers/appContainer.jsx
FN:11,(anonymous_0)
FN:17,(anonymous_1)
FN:46,(anonymous_2)
FNF:3
FNH:0
FNDA:0,(anonymous_0)
FNDA:0,(anonymous_1)
FNDA:0,(anonymous_2)
DA:12,0
DA:14,0
DA:18,0
DA:19,0
DA:40,0
DA:46,1
DA:50,1
LF:7
LH:2
BRDA:18,0,0,0
BRDA:18,0,1,0
BRF:2
BRH:0
end_of_record
TN:
SF:/Users/gfaraday/Desktop/workshop-final/Module11b/After/dev/containers/characters/characterHome.jsx
FN:10,(anonymous_0)
FN:18,(anonymous_1)
FN:22,(anonymous_2)
FN:26,(anonymous_3)
FN:32,(anonymous_4)
FN:37,(anonymous_5)
FN:44,(anonymous_6)
FN:46,(anonymous_7)
FN:57,(anonymous_8)
FNF:9
FNH:0
FNDA:0,(anonymous_0)
FNDA:0,(anonymous_1)
FNDA:0,(anonymous_2)
FNDA:0,(anonymous_3)
FNDA:0,(anonymous_4)
FNDA:0,(anonymous_5)
FNDA:0,(anonymous_6)
FNDA:0,(anonymous_7)
FNDA:0,(anonymous_8)
DA:11,0
DA:13,0
DA:14,0
DA:15,0
DA:19,0
DA:23,0
DA:27,0
DA:29,0
DA:33,0
DA:38,0
DA:45,0
DA:46,0
DA:57,2
LF:13
LH:1
BRDA:27,0,0,0
BRDA:27,0,1,0
BRF:2
BRH:0
end_of_record
TN:
SF:/Users/gfaraday/Desktop/workshop-final/Module11b/After/dev/reducers/app.js
FN:7,(anonymous_0)
FNF:1
FNH:1
FNDA:3,(anonymous_0)
DA:3,1
DA:8,3
DA:10,0
DA:16,0
DA:22,3
LF:5
LH:3
BRDA:7,0,0,3
BRDA:8,1,0,0
BRDA:8,1,1,0
BRF:3
BRH:1
end_of_record
TN:
SF:/Users/gfaraday/Desktop/workshop-final/Module11b/After/dev/reducers/characters.js
FN:26,(anonymous_0)
FNF:1
FNH:1
FNDA:4,(anonymous_0)
DA:8,2
DA:27,4
DA:29,0
DA:36,0
DA:56,0
DA:64,0
DA:76,0
DA:85,0
DA:93,0
DA:99,0
DA:105,0
DA:113,0
DA:119,0
DA:125,0
DA:132,4
LF:15
LH:3
BRDA:26,0,0,4
BRDA:27,1,0,0
BRDA:27,1,1,0
BRDA:27,1,2,0
BRDA:27,1,3,0
BRDA:27,1,4,0
BRDA:27,1,5,0
BRDA:27,1,6,0
BRDA:27,1,7,0
BRDA:27,1,8,0
BRDA:27,1,9,0
BRDA:27,1,10,0
BRDA:27,1,11,0
BRF:13
BRH:1
end_of_record
